#
# A fatal error has been detected by the Java Runtime Environment:
#
#  SIGSEGV (0xb) at pc=0x00007f4d053a33d9, pid=2336, tid=2357
#
# JRE version: OpenJDK Runtime Environment (12.0.2+10) (build 12.0.2+10)
# Java VM: OpenJDK 64-Bit Server VM (12.0.2+10, mixed mode, tiered, compressed oops, g1 gc, linux-amd64)
# Problematic frame:
# V  [libjvm.so+0x79f3d9]
#
# Core dump will be written. Default location: Core dumps may be processed with "/usr/lib/systemd/systemd-coredump %P %u %g %s %t %c %h" (or dumping to /home/andrew/clase/webeng/lab1-git-race/core.2336)
#
# If you would like to submit a bug report, please visit:
#   http://bugreport.java.com/bugreport/crash.jsp
#

---------------  S U M M A R Y ------------

Command Line: --add-opens=java.base/java.util=ALL-UNNAMED --add-opens=java.base/java.lang=ALL-UNNAMED --add-opens=java.base/java.lang.invoke=ALL-UNNAMED --add-opens=java.prefs/java.util.prefs=ALL-UNNAMED -XX:MaxMetaspaceSize=256m -XX:+HeapDumpOnOutOfMemoryError -Xms256m -Xmx512m -Dfile.encoding=UTF-8 -Duser.country=GB -Duser.language=en -Duser.variant org.gradle.launcher.daemon.bootstrap.GradleDaemon 5.6.2

Host: Intel(R) Core(TM) i7-6500U CPU @ 2.50GHz, 4 cores, 7G, Arch Linux
Time: Sun Sep 22 16:30:41 2019 CEST elapsed time: 63 seconds (0d 0h 1m 3s)

---------------  T H R E A D  ---------------

Current thread (0x00007f4cc8001000):  GCTaskThread "GC Thread#1" [stack: 0x00007f4cc710d000,0x00007f4cc720d000] [id=2357]

Stack: [0x00007f4cc710d000,0x00007f4cc720d000],  sp=0x00007f4cc720b950,  free space=1018k
Native frames: (J=compiled Java code, A=aot compiled Java code, j=interpreted, Vv=VM code, C=native code)
V  [libjvm.so+0x79f3d9]
V  [libjvm.so+0x795493]
V  [libjvm.so+0x795830]
V  [libjvm.so+0x795a95]
V  [libjvm.so+0x74eec1]
V  [libjvm.so+0x7946e0]
V  [libjvm.so+0x74ccd9]
V  [libjvm.so+0xf70aae]
V  [libjvm.so+0xed3041]
V  [libjvm.so+0xbf86e1]


siginfo: si_signo: 11 (SIGSEGV), si_code: 1 (SEGV_MAPERR), si_addr: 0x00000000c550ef48

Register to memory mapping:

RAX=0x00000000c552ec78 is an unknown value
RBX=0x00000000e0c965b0 is an oop: 
[error occurred during error reporting (printing register info), id 0xb, SIGSEGV (0xb) at pc=0x00007f4d057de9cb]

Registers:
RAX=0x00000000c552ec78, RBX=0x00000000e0c965b0, RCX=0x0000000000000001, RDX=0x0000000000000001
RSP=0x00007f4cc720b950, RBP=0x00007f4cc720b9a0, RSI=0x00000000e0c965b0, RDI=0x0000000100001d78
R8 =0x00000000e0000000, R9 =0x0000000100001f50, R10=0x00007f4cc720b968, R11=0x0000000000000010
R12=0x0000000100001d78, R13=0x00000001000419c0, R14=0x00007f4cc720bbd0, R15=0x00000000c550ef48
RIP=0x00007f4d053a33d9, EFLAGS=0x0000000000010283, CSGSFS=0x002b000000000033, ERR=0x0000000000000004
  TRAPNO=0x000000000000000e

Top of Stack: (sp=0x00007f4cc720b950)
0x00007f4cc720b950:   00007f4cc720b9a0 00007f4d0533917b
0x00007f4cc720b960:   00000000c552ec78 000000010004ed38
0x00007f4cc720b970:   00007f4cc720b9a0 00000000e0c98228
0x00007f4cc720b980:   00000000e0c98228 00007f4d00056ee0 

Instructions: (pc=0x00007f4d053a33d9)
0x00007f4d053a32d9:   54 48 83 ec 08 4c 8b 72 08 4d 85 f6 74 39 49 89
0x00007f4d053a32e9:   fc 41 89 f5 e8 de 4f ff ff 48 85 c0 74 29 48 8b
0x00007f4d053a32f9:   00 83 e0 03 48 83 f8 03 74 1d 49 8b 06 44 89 ea
0x00007f4d053a3309:   4c 89 e6 4c 89 f7 48 8b 00 48 83 c4 08 41 5c 41
0x00007f4d053a3319:   5d 41 5e 5d ff e0 90 48 83 c4 08 31 c0 41 5c 41
0x00007f4d053a3329:   5d 41 5e 5d c3 66 90 55 48 89 e5 41 57 41 56 49
0x00007f4d053a3339:   89 fe 48 89 d7 41 55 41 54 49 89 d4 53 48 89 f3
0x00007f4d053a3349:   48 83 ec 28 67 e8 5d b3 29 00 49 63 94 24 34 01
0x00007f4d053a3359:   00 00 49 89 c1 49 63 84 24 c4 00 00 00 48 01 d0
0x00007f4d053a3369:   4d 8d 2c c1 41 8b 84 24 30 01 00 00 49 8d 44 c5
0x00007f4d053a3379:   00 48 89 45 c8 49 39 c5 0f 83 17 01 00 00 66 0f
0x00007f4d053a3389:   1f 84 00 00 00 00 00 4d 63 7d 00 41 8b 45 04 49
0x00007f4d053a3399:   01 df 49 8d 04 87 48 89 45 c0 49 39 c7 72 31 e9
0x00007f4d053a33a9:   e3 00 00 00 0f 1f 00 48 8d 0d ad bc bb 00 48 89
0x00007f4d053a33b9:   c7 4c 31 ff 8b 09 48 d3 ef 48 85 ff 0f 85 25 01
0x00007f4d053a33c9:   00 00 49 83 c7 04 4c 39 7d c0 0f 86 b7 00 00 00
0x00007f4d053a33d9:   41 8b 07 85 c0 74 eb 48 8d 15 49 f1 b6 00 8b 4a
0x00007f4d053a33e9:   08 48 d3 e0 48 03 02 49 8b 56 10 48 89 c7 8b 8a
0x00007f4d053a33f9:   90 04 00 00 48 8b b2 80 04 00 00 48 d3 ef 0f b6
0x00007f4d053a3409:   34 3e 40 84 f6 7e a0 31 ff 0f 18 0c 38 ba 10 00
0x00007f4d053a3419:   00 00 0f 18 0c 10 49 8b 46 18 4c 89 fe 48 83 ce
0x00007f4d053a3429:   01 48 8b 50 10 8b 02 8b 4a 08 89 c7 29 cf 89 f9
0x00007f4d053a3439:   89 c7 81 e1 ff ff 01 00 81 f9 fd ff 01 00 0f 86
0x00007f4d053a3449:   88 01 00 00 81 f9 ff ff 01 00 0f 84 77 01 00 00
0x00007f4d053a3459:   48 8b 82 b0 01 00 00 48 3b 82 98 01 00 00 0f 84
0x00007f4d053a3469:   33 01 00 00 48 8b 8a c8 01 00 00 49 83 c7 04 48
0x00007f4d053a3479:   89 34 c1 48 83 82 b0 01 00 00 01 4c 39 7d c0 0f
0x00007f4d053a3489:   87 4b ff ff ff 66 90 49 83 c5 08 4c 39 6d c8 0f
0x00007f4d053a3499:   87 f2 fe ff ff 49 8b 06 48 8d 15 68 49 fa ff 48
0x00007f4d053a34a9:   8b 40 10 48 39 d0 0f 85 43 01 00 00 48 8d 05 5c
0x00007f4d053a34b9:   c4 bb 00 4c 89 f7 48 63 30 48 01 de e8 76 b9 ff
0x00007f4d053a34c9:   ff 48 8d 05 3b c4 bb 00 48 63 30 48 83 c4 28 48 


Stack slot to memory mapping:
stack at sp + 0 slots: 0x00007f4cc720b9a0 points into unknown readable memory: 00 ba 20 c7 4c 7f 00 00
stack at sp + 1 slots: 0x00007f4d0533917b: <offset 0x000000000073517b> in /usr/lib/jvm/java-12-openjdk/lib/server/libjvm.so at 0x00007f4d04c04000
stack at sp + 2 slots: 0x00000000c552ec78 is an unknown value
stack at sp + 3 slots: 0x000000010004ed38 is pointing into metadata
stack at sp + 4 slots: 0x00007f4cc720b9a0 points into unknown readable memory: 00 ba 20 c7 4c 7f 00 00
stack at sp + 5 slots: 0x00000000e0c98228 points into unknown readable memory: f2 6e 00 00 ee 88 04 31
stack at sp + 6 slots: 0x00000000e0c98228 points into unknown readable memory: f2 6e 00 00 ee 88 04 31
stack at sp + 7 slots: 0x00007f4d00056ee0 points into unknown readable memory: c8 50 ee 05 4d 7f 00 00


---------------  P R O C E S S  ---------------

Threads class SMR info:
_java_thread_list=0x00007f4c9800b220, length=39, elements={
0x00007f4d00012000, 0x00007f4d0019d800, 0x00007f4d001a0800, 0x00007f4d001b9000,
0x00007f4d001bb000, 0x00007f4d001bd000, 0x00007f4d001bf000, 0x00007f4d0026d000,
0x00007f4d00271800, 0x00007f4d013e8000, 0x00007f4d01461000, 0x00007f4d014ba000,
0x00007f4c84016000, 0x00007f4c7c039800, 0x00007f4c78198000, 0x00007f4c781aa000,
0x00007f4c781ac800, 0x00007f4c78d8e800, 0x00007f4c79073000, 0x00007f4c79085800,
0x00007f4c7c004800, 0x00007f4c7c005800, 0x00007f4c7800a000, 0x00007f4c7800d000,
0x00007f4c78016800, 0x00007f4c78ffc000, 0x00007f4cb4422800, 0x00007f4c78cc7000,
0x00007f4c78429000, 0x00007f4c78eac800, 0x00007f4c78eaf000, 0x00007f4c78ffe800,
0x00007f4c78eb0800, 0x00007f4c78290800, 0x00007f4c78294000, 0x00007f4c78295000,
0x00007f4c78296000, 0x00007f4c78297000, 0x00007f4c9801b000
}

Java Threads: ( => current thread )
  0x00007f4d00012000 JavaThread "main" [_thread_blocked, id=2337, stack(0x00007f4d047bb000,0x00007f4d048bc000)]
  0x00007f4d0019d800 JavaThread "Reference Handler" daemon [_thread_blocked, id=2347, stack(0x00007f4ce42c3000,0x00007f4ce43c4000)]
  0x00007f4d001a0800 JavaThread "Finalizer" daemon [_thread_blocked, id=2348, stack(0x00007f4ce41c2000,0x00007f4ce42c3000)]
  0x00007f4d001b9000 JavaThread "Signal Dispatcher" daemon [_thread_blocked, id=2349, stack(0x00007f4ce40c1000,0x00007f4ce41c2000)]
  0x00007f4d001bb000 JavaThread "C2 CompilerThread0" daemon [_thread_blocked, id=2350, stack(0x00007f4cc7c1a000,0x00007f4cc7d1b000)]
  0x00007f4d001bd000 JavaThread "C1 CompilerThread0" daemon [_thread_blocked, id=2351, stack(0x00007f4cc7b19000,0x00007f4cc7c1a000)]
  0x00007f4d001bf000 JavaThread "Sweeper thread" daemon [_thread_blocked, id=2352, stack(0x00007f4cc7a18000,0x00007f4cc7b19000)]
  0x00007f4d0026d000 JavaThread "Common-Cleaner" daemon [_thread_blocked, id=2353, stack(0x00007f4cc7917000,0x00007f4cc7a18000)]
  0x00007f4d00271800 JavaThread "Service Thread" daemon [_thread_blocked, id=2354, stack(0x00007f4cc7816000,0x00007f4cc7917000)]
  0x00007f4d013e8000 JavaThread "Daemon health stats" [_thread_blocked, id=2361, stack(0x00007f4cc6b04000,0x00007f4cc6c05000)]
  0x00007f4d01461000 JavaThread "Incoming local TCP Connector on port 45293" [_thread_in_native, id=2362, stack(0x00007f4cc6803000,0x00007f4cc6904000)]
  0x00007f4d014ba000 JavaThread "Daemon periodic checks" [_thread_blocked, id=2363, stack(0x00007f4cc6702000,0x00007f4cc6803000)]
  0x00007f4c84016000 JavaThread "Daemon" [_thread_blocked, id=2364, stack(0x00007f4cc61ff000,0x00007f4cc6300000)]
  0x00007f4c7c039800 JavaThread "Daemon worker" [_thread_blocked, id=2367, stack(0x00007f4cc6500000,0x00007f4cc6601000)]
  0x00007f4c78198000 JavaThread "Cache worker for file hash cache (/home/andrew/.gradle/caches/5.6.2/fileHashes)" [_thread_blocked, id=2373, stack(0x00007f4cc5ad9000,0x00007f4cc5bda000)]
  0x00007f4c781aa000 JavaThread "File lock request listener" [_thread_in_native, id=2374, stack(0x00007f4cc59d8000,0x00007f4cc5ad9000)]
  0x00007f4c781ac800 JavaThread "Cache worker for journal cache (/home/andrew/.gradle/caches/journal-1)" [_thread_blocked, id=2375, stack(0x00007f4cc58d7000,0x00007f4cc59d8000)]
  0x00007f4c78d8e800 JavaThread "Cache worker for execution history cache (/home/andrew/.gradle/caches/5.6.2/executionHistory)" [_thread_blocked, id=2379, stack(0x00007f4cc46d3000,0x00007f4cc47d4000)]
  0x00007f4c79073000 JavaThread "Memory manager" [_thread_blocked, id=2385, stack(0x00007f4c6b7fc000,0x00007f4c6b8fd000)]
  0x00007f4c79085800 JavaThread "Cache worker for file content cache (/home/andrew/.gradle/caches/5.6.2/fileContent)" [_thread_blocked, id=2386, stack(0x00007f4c6b6fb000,0x00007f4c6b7fc000)]
  0x00007f4c7c004800 JavaThread "Handler for socket connection from /0:0:0:0:0:0:0:1:45293 to /0:0:0:0:0:0:0:1:53792" [_thread_in_native, id=2486, stack(0x00007f4c6beff000,0x00007f4c6c000000)]
  0x00007f4c7c005800 JavaThread "Cancel handler" [_thread_blocked, id=2487, stack(0x00007f4cc7613000,0x00007f4cc7714000)]
  0x00007f4c7800a000 JavaThread "Asynchronous log dispatcher for DefaultDaemonConnection: socket connection from /0:0:0:0:0:0:0:1:45293 to /0:0:0:0:0:0:0:1:53792" [_thread_blocked, id=2488, stack(0x00007f4cc60fe000,0x00007f4cc61ff000)]
  0x00007f4c7800d000 JavaThread "Stdin handler" [_thread_blocked, id=2490, stack(0x00007f4cc6601000,0x00007f4cc6702000)]
  0x00007f4c78016800 JavaThread "Thread-45" [_thread_blocked, id=2491, stack(0x00007f4cc40d1000,0x00007f4cc41d2000)]
  0x00007f4c78ffc000 JavaThread "Cache worker for file hash cache (/home/andrew/clase/webeng/lab1-git-race/.gradle/5.6.2/fileHashes)" [_thread_blocked, id=2493, stack(0x00007f4cc5ffd000,0x00007f4cc60fe000)]
  0x00007f4cb4422800 JavaThread "C2 CompilerThread1" daemon [_thread_in_native, id=2494, stack(0x00007f4cc47d4000,0x00007f4cc48d5000)]
  0x00007f4c78cc7000 JavaThread "Cache worker for cache directory md-supplier (/home/andrew/.gradle/caches/5.6.2/md-supplier)" [_thread_blocked, id=2495, stack(0x00007f4cc55d6000,0x00007f4cc56d7000)]
  0x00007f4c78429000 JavaThread "Cache worker for cache directory md-rule (/home/andrew/.gradle/caches/5.6.2/md-rule)" [_thread_blocked, id=2496, stack(0x00007f4cc41d2000,0x00007f4cc42d3000)]
  0x00007f4c78eac800 JavaThread "Build operations" [_thread_blocked, id=2497, stack(0x00007f4cc48d5000,0x00007f4cc49d6000)]
  0x00007f4c78eaf000 JavaThread "Build operations Thread 2" [_thread_blocked, id=2498, stack(0x00007f4c6bdfe000,0x00007f4c6beff000)]
  0x00007f4c78ffe800 JavaThread "Build operations Thread 3" [_thread_blocked, id=2499, stack(0x00007f4cc5efc000,0x00007f4cc5ffd000)]
  0x00007f4c78eb0800 JavaThread "Build operations Thread 4" [_thread_blocked, id=2500, stack(0x00007f4cc5dfb000,0x00007f4cc5efc000)]
  0x00007f4c78290800 JavaThread "Cache worker for Build Output Cleanup Cache (/home/andrew/clase/webeng/lab1-git-race/.gradle/buildOutputCleanup)" [_thread_blocked, id=2501, stack(0x00007f4c6b1f6000,0x00007f4c6b2f7000)]
  0x00007f4c78294000 JavaThread "Cache worker for file content cache (/home/andrew/clase/webeng/lab1-git-race/.gradle/5.6.2/fileContent)" [_thread_blocked, id=2502, stack(0x00007f4c6bcfd000,0x00007f4c6bdfe000)]
  0x00007f4c78295000 JavaThread "Execution worker for ':'" [_thread_blocked, id=2503, stack(0x00007f4c6b5fa000,0x00007f4c6b6fb000)]
  0x00007f4c78296000 JavaThread "Execution worker for ':' Thread 2" [_thread_blocked, id=2504, stack(0x00007f4c6b2f7000,0x00007f4c6b3f8000)]
  0x00007f4c78297000 JavaThread "Execution worker for ':' Thread 3" [_thread_blocked, id=2505, stack(0x00007f4c6b4f9000,0x00007f4c6b5fa000)]
  0x00007f4c9801b000 JavaThread "Cache worker for execution history cache (/home/andrew/clase/webeng/lab1-git-race/.gradle/5.6.2/executionHistory)" [_thread_blocked, id=2506, stack(0x00007f4c6b3f8000,0x00007f4c6b4f9000)]

Other Threads:
  0x00007f4d00191000 VMThread "VM Thread" [stack: 0x00007f4ce43c6000,0x00007f4ce44c6000] [id=2346]
  0x00007f4d00274000 WatcherThread [stack: 0x00007f4cc7716000,0x00007f4cc7816000] [id=2355]
  0x00007f4d00034000 GCTaskThread "GC Thread#0" [stack: 0x00007f4ce75b0000,0x00007f4ce76b0000] [id=2338]
=>0x00007f4cc8001000 GCTaskThread "GC Thread#1" [stack: 0x00007f4cc710d000,0x00007f4cc720d000] [id=2357]
  0x00007f4cc8002800 GCTaskThread "GC Thread#2" [stack: 0x00007f4cc700b000,0x00007f4cc710b000] [id=2358]
  0x00007f4cc8004000 GCTaskThread "GC Thread#3" [stack: 0x00007f4cc6f09000,0x00007f4cc7009000] [id=2359]
  0x00007f4d00039800 ConcurrentGCThread "G1 Main Marker" [stack: 0x00007f4ce74ae000,0x00007f4ce75ae000] [id=2339]
  0x00007f4d0003b000 ConcurrentGCThread "G1 Conc#0" [stack: 0x00007f4ce73ac000,0x00007f4ce74ac000] [id=2340]
  0x00007f4d00113000 ConcurrentGCThread "G1 Refine#0" [stack: 0x00007f4ce4ea6000,0x00007f4ce4fa6000] [id=2341]
  0x00007f4cd0001000 ConcurrentGCThread "G1 Refine#1" [stack: 0x00007f4cc6e07000,0x00007f4cc6f07000] [id=2360]
  0x00007f4d00115000 ConcurrentGCThread "G1 Young RemSet Sampling" [stack: 0x00007f4ce4da4000,0x00007f4ce4ea4000] [id=2342]

Threads with active compile tasks:
C2 CompilerThread0  6420       4       sun.nio.cs.UTF_8$Decoder::decodeArrayLoop (691 bytes)
C2 CompilerThread1  6285       4       org.gradle.api.internal.artifacts.ivyservice.modulecache.ModuleMetadataSerializer$Reader::readMavenDependency (142 bytes)

VM state:at safepoint (normal execution)

VM Mutex/Monitor currently owned by a thread:  ([mutex/lock_event])
[0x00007f4d0000e760] Threads_lock - owner thread: 0x00007f4d00191000
[0x00007f4d0000ef40] Heap_lock - owner thread: 0x00007f4c78295000

Heap address: 0x00000000e0000000, size: 512 MB, Compressed Oops mode: 32-bit
Narrow klass base: 0x0000000000000000, Narrow klass shift: 3
Compressed class space size: 260046848 Address: 0x0000000100000000

Heap:
 garbage-first heap   total 262144K, used 172045K [0x00000000e0000000, 0x0000000100000000)
  region size 1024K, 152 young (155648K), 17 survivors (17408K)
 Metaspace       used 51310K, capacity 52253K, committed 52736K, reserved 301056K
  class space    used 6528K, capacity 6839K, committed 6912K, reserved 253952K
Heap Regions: E=young(eden), S=young(survivor), O=old, HS=humongous(starts), HC=humongous(continues), CS=collection set, F=free, A=archive, TAMS=top-at-mark-start (previous, next)
|   0|0x00000000e0000000, 0x00000000e0100000, 0x00000000e0100000|100%| O|  |TAMS 0x00000000e0100000, 0x00000000e0000000| Untracked 
|   1|0x00000000e0100000, 0x00000000e0200000, 0x00000000e0200000|100%| O|  |TAMS 0x00000000e0200000, 0x00000000e0100000| Untracked 
|   2|0x00000000e0200000, 0x00000000e0300000, 0x00000000e0300000|100%| O|  |TAMS 0x00000000e0300000, 0x00000000e0200000| Untracked 
|   3|0x00000000e0300000, 0x00000000e0400000, 0x00000000e0400000|100%|HS|  |TAMS 0x00000000e0400000, 0x00000000e0300000| Complete 
|   4|0x00000000e0400000, 0x00000000e0500000, 0x00000000e0500000|100%|HC|  |TAMS 0x00000000e0500000, 0x00000000e0400000| Complete 
|   5|0x00000000e0500000, 0x00000000e0600000, 0x00000000e0600000|100%|HC|  |TAMS 0x00000000e0600000, 0x00000000e0500000| Complete 
|   6|0x00000000e0600000, 0x00000000e0700000, 0x00000000e0700000|100%| O|  |TAMS 0x00000000e0700000, 0x00000000e0600000| Untracked 
|   7|0x00000000e0700000, 0x00000000e0800000, 0x00000000e0800000|100%| O|  |TAMS 0x00000000e0800000, 0x00000000e0700000| Untracked 
|   8|0x00000000e0800000, 0x00000000e0900000, 0x00000000e0900000|100%| O|  |TAMS 0x00000000e0900000, 0x00000000e0800000| Untracked 
|   9|0x00000000e0900000, 0x00000000e0a00000, 0x00000000e0a00000|100%| O|  |TAMS 0x00000000e0a00000, 0x00000000e0900000| Untracked 
|  10|0x00000000e0a00000, 0x00000000e0b00000, 0x00000000e0b00000|100%| O|  |TAMS 0x00000000e0b00000, 0x00000000e0a00000| Untracked 
|  11|0x00000000e0b00000, 0x00000000e0c00000, 0x00000000e0c00000|100%| O|  |TAMS 0x00000000e0c00000, 0x00000000e0b00000| Untracked 
|  12|0x00000000e0c00000, 0x00000000e0d00000, 0x00000000e0d00000|100%| O|  |TAMS 0x00000000e0d00000, 0x00000000e0c00000| Untracked 
|  13|0x00000000e0d00000, 0x00000000e0e00000, 0x00000000e0e00000|100%| O|  |TAMS 0x00000000e0debe00, 0x00000000e0d00000| Untracked 
|  14|0x00000000e0e00000, 0x00000000e0f00000, 0x00000000e0f00000|100%| O|  |TAMS 0x00000000e0e00000, 0x00000000e0e00000| Untracked 
|  15|0x00000000e0f00000, 0x00000000e1000000, 0x00000000e1000000|100%| O|  |TAMS 0x00000000e0f00000, 0x00000000e0f00000| Untracked 
|  16|0x00000000e1000000, 0x00000000e1100000, 0x00000000e1100000|100%| O|  |TAMS 0x00000000e1000000, 0x00000000e1000000| Untracked 
|  17|0x00000000e1100000, 0x00000000e1200000, 0x00000000e1200000|100%| O|  |TAMS 0x00000000e1100000, 0x00000000e1100000| Untracked 
|  18|0x00000000e1200000, 0x00000000e1300000, 0x00000000e1300000|100%| O|  |TAMS 0x00000000e1200000, 0x00000000e1200000| Untracked 
|  19|0x00000000e1300000, 0x00000000e1400000, 0x00000000e1400000|100%| O|  |TAMS 0x00000000e1300000, 0x00000000e1300000| Untracked 
|  20|0x00000000e1400000, 0x00000000e1500000, 0x00000000e1500000|100%| O|  |TAMS 0x00000000e1400000, 0x00000000e1400000| Untracked 
|  21|0x00000000e1500000, 0x00000000e1600000, 0x00000000e1600000|100%| O|  |TAMS 0x00000000e1500000, 0x00000000e1500000| Untracked 
|  22|0x00000000e1600000, 0x00000000e16b53f8, 0x00000000e1700000| 70%| O|  |TAMS 0x00000000e1600000, 0x00000000e1600000| Untracked 
|  23|0x00000000e1700000, 0x00000000e1700000, 0x00000000e1800000|  0%| F|  |TAMS 0x00000000e1700000, 0x00000000e1700000| Untracked 
|  24|0x00000000e1800000, 0x00000000e1800000, 0x00000000e1900000|  0%| F|  |TAMS 0x00000000e1800000, 0x00000000e1800000| Untracked 
|  25|0x00000000e1900000, 0x00000000e1900000, 0x00000000e1a00000|  0%| F|  |TAMS 0x00000000e1900000, 0x00000000e1900000| Untracked 
|  26|0x00000000e1a00000, 0x00000000e1a00000, 0x00000000e1b00000|  0%| F|  |TAMS 0x00000000e1a00000, 0x00000000e1a00000| Untracked 
|  27|0x00000000e1b00000, 0x00000000e1b00000, 0x00000000e1c00000|  0%| F|  |TAMS 0x00000000e1b00000, 0x00000000e1b00000| Untracked 
|  28|0x00000000e1c00000, 0x00000000e1c00000, 0x00000000e1d00000|  0%| F|  |TAMS 0x00000000e1c00000, 0x00000000e1c00000| Untracked 
|  29|0x00000000e1d00000, 0x00000000e1d00000, 0x00000000e1e00000|  0%| F|  |TAMS 0x00000000e1d00000, 0x00000000e1d00000| Untracked 
|  30|0x00000000e1e00000, 0x00000000e1e00000, 0x00000000e1f00000|  0%| F|  |TAMS 0x00000000e1e00000, 0x00000000e1e00000| Untracked 
|  31|0x00000000e1f00000, 0x00000000e1f00000, 0x00000000e2000000|  0%| F|  |TAMS 0x00000000e1f00000, 0x00000000e1f00000| Untracked 
|  32|0x00000000e2000000, 0x00000000e2000000, 0x00000000e2100000|  0%| F|  |TAMS 0x00000000e2000000, 0x00000000e2000000| Untracked 
|  33|0x00000000e2100000, 0x00000000e2100000, 0x00000000e2200000|  0%| F|  |TAMS 0x00000000e2100000, 0x00000000e2100000| Untracked 
|  34|0x00000000e2200000, 0x00000000e2200000, 0x00000000e2300000|  0%| F|  |TAMS 0x00000000e2200000, 0x00000000e2200000| Untracked 
|  35|0x00000000e2300000, 0x00000000e2300000, 0x00000000e2400000|  0%| F|  |TAMS 0x00000000e2300000, 0x00000000e2300000| Untracked 
|  36|0x00000000e2400000, 0x00000000e2400000, 0x00000000e2500000|  0%| F|  |TAMS 0x00000000e2400000, 0x00000000e2400000| Untracked 
|  37|0x00000000e2500000, 0x00000000e2500000, 0x00000000e2600000|  0%| F|  |TAMS 0x00000000e2500000, 0x00000000e2500000| Untracked 
|  38|0x00000000e2600000, 0x00000000e2600000, 0x00000000e2700000|  0%| F|  |TAMS 0x00000000e2600000, 0x00000000e2600000| Untracked 
|  39|0x00000000e2700000, 0x00000000e2700000, 0x00000000e2800000|  0%| F|  |TAMS 0x00000000e2700000, 0x00000000e2700000| Untracked 
|  40|0x00000000e2800000, 0x00000000e2800000, 0x00000000e2900000|  0%| F|  |TAMS 0x00000000e2800000, 0x00000000e2800000| Untracked 
|  41|0x00000000e2900000, 0x00000000e2900000, 0x00000000e2a00000|  0%| F|  |TAMS 0x00000000e2900000, 0x00000000e2900000| Untracked 
|  42|0x00000000e2a00000, 0x00000000e2a00000, 0x00000000e2b00000|  0%| F|  |TAMS 0x00000000e2a00000, 0x00000000e2a00000| Untracked 
|  43|0x00000000e2b00000, 0x00000000e2b00000, 0x00000000e2c00000|  0%| F|  |TAMS 0x00000000e2b00000, 0x00000000e2b00000| Untracked 
|  44|0x00000000e2c00000, 0x00000000e2c00000, 0x00000000e2d00000|  0%| F|  |TAMS 0x00000000e2c00000, 0x00000000e2c00000| Untracked 
|  45|0x00000000e2d00000, 0x00000000e2d00000, 0x00000000e2e00000|  0%| F|  |TAMS 0x00000000e2d00000, 0x00000000e2d00000| Untracked 
|  46|0x00000000e2e00000, 0x00000000e2e00000, 0x00000000e2f00000|  0%| F|  |TAMS 0x00000000e2e00000, 0x00000000e2e00000| Untracked 
|  47|0x00000000e2f00000, 0x00000000e2f00000, 0x00000000e3000000|  0%| F|  |TAMS 0x00000000e2f00000, 0x00000000e2f00000| Untracked 
|  48|0x00000000e3000000, 0x00000000e3000000, 0x00000000e3100000|  0%| F|  |TAMS 0x00000000e3000000, 0x00000000e3000000| Untracked 
|  49|0x00000000e3100000, 0x00000000e3100000, 0x00000000e3200000|  0%| F|  |TAMS 0x00000000e3100000, 0x00000000e3100000| Untracked 
|  50|0x00000000e3200000, 0x00000000e3200000, 0x00000000e3300000|  0%| F|  |TAMS 0x00000000e3200000, 0x00000000e3200000| Untracked 
|  51|0x00000000e3300000, 0x00000000e3300000, 0x00000000e3400000|  0%| F|  |TAMS 0x00000000e3300000, 0x00000000e3300000| Untracked 
|  52|0x00000000e3400000, 0x00000000e3400000, 0x00000000e3500000|  0%| F|  |TAMS 0x00000000e3400000, 0x00000000e3400000| Untracked 
|  53|0x00000000e3500000, 0x00000000e3500000, 0x00000000e3600000|  0%| F|  |TAMS 0x00000000e3500000, 0x00000000e3500000| Untracked 
|  54|0x00000000e3600000, 0x00000000e3600000, 0x00000000e3700000|  0%| F|  |TAMS 0x00000000e3600000, 0x00000000e3600000| Untracked 
|  55|0x00000000e3700000, 0x00000000e3700000, 0x00000000e3800000|  0%| F|  |TAMS 0x00000000e3700000, 0x00000000e3700000| Untracked 
|  56|0x00000000e3800000, 0x00000000e3800000, 0x00000000e3900000|  0%| F|  |TAMS 0x00000000e3800000, 0x00000000e3800000| Untracked 
|  57|0x00000000e3900000, 0x00000000e3900000, 0x00000000e3a00000|  0%| F|  |TAMS 0x00000000e3900000, 0x00000000e3900000| Untracked 
|  58|0x00000000e3a00000, 0x00000000e3a00000, 0x00000000e3b00000|  0%| F|  |TAMS 0x00000000e3a00000, 0x00000000e3a00000| Untracked 
|  59|0x00000000e3b00000, 0x00000000e3b00000, 0x00000000e3c00000|  0%| F|  |TAMS 0x00000000e3b00000, 0x00000000e3b00000| Untracked 
|  60|0x00000000e3c00000, 0x00000000e3c00000, 0x00000000e3d00000|  0%| F|  |TAMS 0x00000000e3c00000, 0x00000000e3c00000| Untracked 
|  61|0x00000000e3d00000, 0x00000000e3d00000, 0x00000000e3e00000|  0%| F|  |TAMS 0x00000000e3d00000, 0x00000000e3d00000| Untracked 
|  62|0x00000000e3e00000, 0x00000000e3e00000, 0x00000000e3f00000|  0%| F|  |TAMS 0x00000000e3e00000, 0x00000000e3e00000| Untracked 
|  63|0x00000000e3f00000, 0x00000000e3f00000, 0x00000000e4000000|  0%| F|  |TAMS 0x00000000e3f00000, 0x00000000e3f00000| Untracked 
|  64|0x00000000e4000000, 0x00000000e4000000, 0x00000000e4100000|  0%| F|  |TAMS 0x00000000e4000000, 0x00000000e4000000| Untracked 
|  65|0x00000000e4100000, 0x00000000e4100000, 0x00000000e4200000|  0%| F|  |TAMS 0x00000000e4100000, 0x00000000e4100000| Untracked 
|  66|0x00000000e4200000, 0x00000000e4200000, 0x00000000e4300000|  0%| F|  |TAMS 0x00000000e4200000, 0x00000000e4200000| Untracked 
|  67|0x00000000e4300000, 0x00000000e4300000, 0x00000000e4400000|  0%| F|  |TAMS 0x00000000e4300000, 0x00000000e4300000| Untracked 
|  68|0x00000000e4400000, 0x00000000e4400000, 0x00000000e4500000|  0%| F|  |TAMS 0x00000000e4400000, 0x00000000e4400000| Untracked 
|  69|0x00000000e4500000, 0x00000000e4500000, 0x00000000e4600000|  0%| F|  |TAMS 0x00000000e4500000, 0x00000000e4500000| Untracked 
|  70|0x00000000e4600000, 0x00000000e4600000, 0x00000000e4700000|  0%| F|  |TAMS 0x00000000e4600000, 0x00000000e4600000| Untracked 
|  71|0x00000000e4700000, 0x00000000e4700000, 0x00000000e4800000|  0%| F|  |TAMS 0x00000000e4700000, 0x00000000e4700000| Untracked 
|  72|0x00000000e4800000, 0x00000000e4800000, 0x00000000e4900000|  0%| F|  |TAMS 0x00000000e4800000, 0x00000000e4800000| Untracked 
|  73|0x00000000e4900000, 0x00000000e4900000, 0x00000000e4a00000|  0%| F|  |TAMS 0x00000000e4900000, 0x00000000e4900000| Untracked 
|  74|0x00000000e4a00000, 0x00000000e4a00000, 0x00000000e4b00000|  0%| F|  |TAMS 0x00000000e4a00000, 0x00000000e4a00000| Untracked 
|  75|0x00000000e4b00000, 0x00000000e4b00000, 0x00000000e4c00000|  0%| F|  |TAMS 0x00000000e4b00000, 0x00000000e4b00000| Untracked 
|  76|0x00000000e4c00000, 0x00000000e4c00000, 0x00000000e4d00000|  0%| F|  |TAMS 0x00000000e4c00000, 0x00000000e4c00000| Untracked 
|  77|0x00000000e4d00000, 0x00000000e4d00000, 0x00000000e4e00000|  0%| F|  |TAMS 0x00000000e4d00000, 0x00000000e4d00000| Untracked 
|  78|0x00000000e4e00000, 0x00000000e4e00000, 0x00000000e4f00000|  0%| F|  |TAMS 0x00000000e4e00000, 0x00000000e4e00000| Untracked 
|  79|0x00000000e4f00000, 0x00000000e4f00000, 0x00000000e5000000|  0%| F|  |TAMS 0x00000000e4f00000, 0x00000000e4f00000| Untracked 
|  80|0x00000000e5000000, 0x00000000e5000000, 0x00000000e5100000|  0%| F|  |TAMS 0x00000000e5000000, 0x00000000e5000000| Untracked 
|  81|0x00000000e5100000, 0x00000000e5100000, 0x00000000e5200000|  0%| F|  |TAMS 0x00000000e5100000, 0x00000000e5100000| Untracked 
|  82|0x00000000e5200000, 0x00000000e5200000, 0x00000000e5300000|  0%| F|  |TAMS 0x00000000e5200000, 0x00000000e5200000| Untracked 
|  83|0x00000000e5300000, 0x00000000e5300000, 0x00000000e5400000|  0%| F|  |TAMS 0x00000000e5300000, 0x00000000e5300000| Untracked 
|  84|0x00000000e5400000, 0x00000000e5400000, 0x00000000e5500000|  0%| F|  |TAMS 0x00000000e5400000, 0x00000000e5400000| Untracked 
|  85|0x00000000e5500000, 0x00000000e55b4780, 0x00000000e5600000| 70%| E|CS|TAMS 0x00000000e5500000, 0x00000000e5500000| Complete 
|  86|0x00000000e5600000, 0x00000000e5700000, 0x00000000e5700000|100%| E|CS|TAMS 0x00000000e5600000, 0x00000000e5600000| Complete 
|  87|0x00000000e5700000, 0x00000000e5800000, 0x00000000e5800000|100%| E|CS|TAMS 0x00000000e5700000, 0x00000000e5700000| Complete 
|  88|0x00000000e5800000, 0x00000000e5900000, 0x00000000e5900000|100%| E|CS|TAMS 0x00000000e5800000, 0x00000000e5800000| Complete 
|  89|0x00000000e5900000, 0x00000000e5a00000, 0x00000000e5a00000|100%| E|CS|TAMS 0x00000000e5900000, 0x00000000e5900000| Complete 
|  90|0x00000000e5a00000, 0x00000000e5b00000, 0x00000000e5b00000|100%| E|CS|TAMS 0x00000000e5a00000, 0x00000000e5a00000| Complete 
|  91|0x00000000e5b00000, 0x00000000e5c00000, 0x00000000e5c00000|100%| E|CS|TAMS 0x00000000e5b00000, 0x00000000e5b00000| Complete 
|  92|0x00000000e5c00000, 0x00000000e5d00000, 0x00000000e5d00000|100%| E|CS|TAMS 0x00000000e5c00000, 0x00000000e5c00000| Complete 
|  93|0x00000000e5d00000, 0x00000000e5e00000, 0x00000000e5e00000|100%| E|CS|TAMS 0x00000000e5d00000, 0x00000000e5d00000| Complete 
|  94|0x00000000e5e00000, 0x00000000e5f00000, 0x00000000e5f00000|100%| E|CS|TAMS 0x00000000e5e00000, 0x00000000e5e00000| Complete 
|  95|0x00000000e5f00000, 0x00000000e6000000, 0x00000000e6000000|100%| E|CS|TAMS 0x00000000e5f00000, 0x00000000e5f00000| Complete 
|  96|0x00000000e6000000, 0x00000000e6100000, 0x00000000e6100000|100%| E|CS|TAMS 0x00000000e6000000, 0x00000000e6000000| Complete 
|  97|0x00000000e6100000, 0x00000000e6200000, 0x00000000e6200000|100%| E|CS|TAMS 0x00000000e6100000, 0x00000000e6100000| Complete 
|  98|0x00000000e6200000, 0x00000000e6300000, 0x00000000e6300000|100%| E|CS|TAMS 0x00000000e6200000, 0x00000000e6200000| Complete 
|  99|0x00000000e6300000, 0x00000000e6400000, 0x00000000e6400000|100%| E|CS|TAMS 0x00000000e6300000, 0x00000000e6300000| Complete 
| 100|0x00000000e6400000, 0x00000000e6500000, 0x00000000e6500000|100%| E|CS|TAMS 0x00000000e6400000, 0x00000000e6400000| Complete 
| 101|0x00000000e6500000, 0x00000000e6600000, 0x00000000e6600000|100%| E|CS|TAMS 0x00000000e6500000, 0x00000000e6500000| Complete 
| 102|0x00000000e6600000, 0x00000000e6700000, 0x00000000e6700000|100%| E|CS|TAMS 0x00000000e6600000, 0x00000000e6600000| Complete 
| 103|0x00000000e6700000, 0x00000000e6700000, 0x00000000e6800000|  0%| F|  |TAMS 0x00000000e6700000, 0x00000000e6700000| Untracked 
| 104|0x00000000e6800000, 0x00000000e6900000, 0x00000000e6900000|100%| S|  |TAMS 0x00000000e6800000, 0x00000000e6800000| Complete 
| 105|0x00000000e6900000, 0x00000000e6a00000, 0x00000000e6a00000|100%| S|  |TAMS 0x00000000e6900000, 0x00000000e6900000| Complete 
| 106|0x00000000e6a00000, 0x00000000e6b00000, 0x00000000e6b00000|100%| S|  |TAMS 0x00000000e6a00000, 0x00000000e6a00000| Complete 
| 107|0x00000000e6b00000, 0x00000000e6c00000, 0x00000000e6c00000|100%| S|  |TAMS 0x00000000e6b00000, 0x00000000e6b00000| Complete 
| 108|0x00000000e6c00000, 0x00000000e6d00000, 0x00000000e6d00000|100%| S|  |TAMS 0x00000000e6c00000, 0x00000000e6c00000| Complete 
| 109|0x00000000e6d00000, 0x00000000e6e00000, 0x00000000e6e00000|100%| S|  |TAMS 0x00000000e6d00000, 0x00000000e6d00000| Complete 
| 110|0x00000000e6e00000, 0x00000000e6f00000, 0x00000000e6f00000|100%| S|  |TAMS 0x00000000e6e00000, 0x00000000e6e00000| Complete 
| 111|0x00000000e6f00000, 0x00000000e7000000, 0x00000000e7000000|100%| S|  |TAMS 0x00000000e6f00000, 0x00000000e6f00000| Complete 
| 112|0x00000000e7000000, 0x00000000e7100000, 0x00000000e7100000|100%| S|  |TAMS 0x00000000e7000000, 0x00000000e7000000| Complete 
| 113|0x00000000e7100000, 0x00000000e7200000, 0x00000000e7200000|100%| S|  |TAMS 0x00000000e7100000, 0x00000000e7100000| Complete 
| 114|0x00000000e7200000, 0x00000000e7300000, 0x00000000e7300000|100%| S|  |TAMS 0x00000000e7200000, 0x00000000e7200000| Complete 
| 115|0x00000000e7300000, 0x00000000e7400000, 0x00000000e7400000|100%| S|  |TAMS 0x00000000e7300000, 0x00000000e7300000| Complete 
| 116|0x00000000e7400000, 0x00000000e7500000, 0x00000000e7500000|100%| S|  |TAMS 0x00000000e7400000, 0x00000000e7400000| Complete 
| 117|0x00000000e7500000, 0x00000000e7600000, 0x00000000e7600000|100%| S|  |TAMS 0x00000000e7500000, 0x00000000e7500000| Complete 
| 118|0x00000000e7600000, 0x00000000e7700000, 0x00000000e7700000|100%| S|  |TAMS 0x00000000e7600000, 0x00000000e7600000| Complete 
| 119|0x00000000e7700000, 0x00000000e7800000, 0x00000000e7800000|100%| S|  |TAMS 0x00000000e7700000, 0x00000000e7700000| Complete 
| 120|0x00000000e7800000, 0x00000000e7900000, 0x00000000e7900000|100%| S|  |TAMS 0x00000000e7800000, 0x00000000e7800000| Complete 
| 121|0x00000000e7900000, 0x00000000e7a00000, 0x00000000e7a00000|100%| E|CS|TAMS 0x00000000e7900000, 0x00000000e7900000| Complete 
| 122|0x00000000e7a00000, 0x00000000e7b00000, 0x00000000e7b00000|100%| E|CS|TAMS 0x00000000e7a00000, 0x00000000e7a00000| Complete 
| 123|0x00000000e7b00000, 0x00000000e7c00000, 0x00000000e7c00000|100%| E|CS|TAMS 0x00000000e7b00000, 0x00000000e7b00000| Complete 
| 124|0x00000000e7c00000, 0x00000000e7d00000, 0x00000000e7d00000|100%| E|CS|TAMS 0x00000000e7c00000, 0x00000000e7c00000| Complete 
| 125|0x00000000e7d00000, 0x00000000e7e00000, 0x00000000e7e00000|100%| E|CS|TAMS 0x00000000e7d00000, 0x00000000e7d00000| Complete 
| 126|0x00000000e7e00000, 0x00000000e7f00000, 0x00000000e7f00000|100%| E|CS|TAMS 0x00000000e7e00000, 0x00000000e7e00000| Complete 
| 127|0x00000000e7f00000, 0x00000000e8000000, 0x00000000e8000000|100%| E|CS|TAMS 0x00000000e7f00000, 0x00000000e7f00000| Complete 
| 128|0x00000000e8000000, 0x00000000e8100000, 0x00000000e8100000|100%| E|CS|TAMS 0x00000000e8000000, 0x00000000e8000000| Complete 
| 129|0x00000000e8100000, 0x00000000e8200000, 0x00000000e8200000|100%| E|CS|TAMS 0x00000000e8100000, 0x00000000e8100000| Complete 
| 130|0x00000000e8200000, 0x00000000e8300000, 0x00000000e8300000|100%| E|CS|TAMS 0x00000000e8200000, 0x00000000e8200000| Complete 
| 131|0x00000000e8300000, 0x00000000e8400000, 0x00000000e8400000|100%| E|CS|TAMS 0x00000000e8300000, 0x00000000e8300000| Complete 
| 132|0x00000000e8400000, 0x00000000e8500000, 0x00000000e8500000|100%| E|CS|TAMS 0x00000000e8400000, 0x00000000e8400000| Complete 
| 133|0x00000000e8500000, 0x00000000e8600000, 0x00000000e8600000|100%| E|CS|TAMS 0x00000000e8500000, 0x00000000e8500000| Complete 
| 134|0x00000000e8600000, 0x00000000e8700000, 0x00000000e8700000|100%| E|CS|TAMS 0x00000000e8600000, 0x00000000e8600000| Complete 
| 135|0x00000000e8700000, 0x00000000e8800000, 0x00000000e8800000|100%| E|CS|TAMS 0x00000000e8700000, 0x00000000e8700000| Complete 
| 136|0x00000000e8800000, 0x00000000e8900000, 0x00000000e8900000|100%| E|CS|TAMS 0x00000000e8800000, 0x00000000e8800000| Complete 
| 137|0x00000000e8900000, 0x00000000e8a00000, 0x00000000e8a00000|100%| E|CS|TAMS 0x00000000e8900000, 0x00000000e8900000| Complete 
| 138|0x00000000e8a00000, 0x00000000e8b00000, 0x00000000e8b00000|100%| E|CS|TAMS 0x00000000e8a00000, 0x00000000e8a00000| Complete 
| 139|0x00000000e8b00000, 0x00000000e8c00000, 0x00000000e8c00000|100%| E|CS|TAMS 0x00000000e8b00000, 0x00000000e8b00000| Complete 
| 140|0x00000000e8c00000, 0x00000000e8d00000, 0x00000000e8d00000|100%| E|CS|TAMS 0x00000000e8c00000, 0x00000000e8c00000| Complete 
| 141|0x00000000e8d00000, 0x00000000e8e00000, 0x00000000e8e00000|100%| E|CS|TAMS 0x00000000e8d00000, 0x00000000e8d00000| Complete 
| 142|0x00000000e8e00000, 0x00000000e8f00000, 0x00000000e8f00000|100%| E|CS|TAMS 0x00000000e8e00000, 0x00000000e8e00000| Complete 
| 143|0x00000000e8f00000, 0x00000000e9000000, 0x00000000e9000000|100%| E|CS|TAMS 0x00000000e8f00000, 0x00000000e8f00000| Complete 
| 144|0x00000000e9000000, 0x00000000e9100000, 0x00000000e9100000|100%| E|CS|TAMS 0x00000000e9000000, 0x00000000e9000000| Complete 
| 145|0x00000000e9100000, 0x00000000e9200000, 0x00000000e9200000|100%| E|CS|TAMS 0x00000000e9100000, 0x00000000e9100000| Complete 
| 146|0x00000000e9200000, 0x00000000e9300000, 0x00000000e9300000|100%| E|CS|TAMS 0x00000000e9200000, 0x00000000e9200000| Complete 
| 147|0x00000000e9300000, 0x00000000e9400000, 0x00000000e9400000|100%| E|CS|TAMS 0x00000000e9300000, 0x00000000e9300000| Complete 
| 148|0x00000000e9400000, 0x00000000e9500000, 0x00000000e9500000|100%| E|CS|TAMS 0x00000000e9400000, 0x00000000e9400000| Complete 
| 149|0x00000000e9500000, 0x00000000e9600000, 0x00000000e9600000|100%| E|CS|TAMS 0x00000000e9500000, 0x00000000e9500000| Complete 
| 150|0x00000000e9600000, 0x00000000e9700000, 0x00000000e9700000|100%| E|CS|TAMS 0x00000000e9600000, 0x00000000e9600000| Complete 
| 151|0x00000000e9700000, 0x00000000e9800000, 0x00000000e9800000|100%| E|CS|TAMS 0x00000000e9700000, 0x00000000e9700000| Complete 
| 152|0x00000000e9800000, 0x00000000e9900000, 0x00000000e9900000|100%| E|CS|TAMS 0x00000000e9800000, 0x00000000e9800000| Complete 
| 153|0x00000000e9900000, 0x00000000e9a00000, 0x00000000e9a00000|100%| E|CS|TAMS 0x00000000e9900000, 0x00000000e9900000| Complete 
| 154|0x00000000e9a00000, 0x00000000e9b00000, 0x00000000e9b00000|100%| E|CS|TAMS 0x00000000e9a00000, 0x00000000e9a00000| Complete 
| 155|0x00000000e9b00000, 0x00000000e9c00000, 0x00000000e9c00000|100%| E|CS|TAMS 0x00000000e9b00000, 0x00000000e9b00000| Complete 
| 156|0x00000000e9c00000, 0x00000000e9d00000, 0x00000000e9d00000|100%| E|CS|TAMS 0x00000000e9c00000, 0x00000000e9c00000| Complete 
| 157|0x00000000e9d00000, 0x00000000e9e00000, 0x00000000e9e00000|100%| E|CS|TAMS 0x00000000e9d00000, 0x00000000e9d00000| Complete 
| 158|0x00000000e9e00000, 0x00000000e9f00000, 0x00000000e9f00000|100%| E|CS|TAMS 0x00000000e9e00000, 0x00000000e9e00000| Complete 
| 159|0x00000000e9f00000, 0x00000000ea000000, 0x00000000ea000000|100%| E|CS|TAMS 0x00000000e9f00000, 0x00000000e9f00000| Complete 
| 160|0x00000000ea000000, 0x00000000ea100000, 0x00000000ea100000|100%| E|CS|TAMS 0x00000000ea000000, 0x00000000ea000000| Complete 
| 161|0x00000000ea100000, 0x00000000ea200000, 0x00000000ea200000|100%| E|CS|TAMS 0x00000000ea100000, 0x00000000ea100000| Complete 
| 162|0x00000000ea200000, 0x00000000ea300000, 0x00000000ea300000|100%| E|CS|TAMS 0x00000000ea200000, 0x00000000ea200000| Complete 
| 163|0x00000000ea300000, 0x00000000ea400000, 0x00000000ea400000|100%| E|CS|TAMS 0x00000000ea300000, 0x00000000ea300000| Complete 
| 164|0x00000000ea400000, 0x00000000ea500000, 0x00000000ea500000|100%| E|CS|TAMS 0x00000000ea400000, 0x00000000ea400000| Complete 
| 165|0x00000000ea500000, 0x00000000ea600000, 0x00000000ea600000|100%| E|CS|TAMS 0x00000000ea500000, 0x00000000ea500000| Complete 
| 166|0x00000000ea600000, 0x00000000ea700000, 0x00000000ea700000|100%| E|CS|TAMS 0x00000000ea600000, 0x00000000ea600000| Complete 
| 167|0x00000000ea700000, 0x00000000ea800000, 0x00000000ea800000|100%| E|CS|TAMS 0x00000000ea700000, 0x00000000ea700000| Complete 
| 168|0x00000000ea800000, 0x00000000ea900000, 0x00000000ea900000|100%| E|CS|TAMS 0x00000000ea800000, 0x00000000ea800000| Complete 
| 169|0x00000000ea900000, 0x00000000eaa00000, 0x00000000eaa00000|100%| E|CS|TAMS 0x00000000ea900000, 0x00000000ea900000| Complete 
| 170|0x00000000eaa00000, 0x00000000eab00000, 0x00000000eab00000|100%| E|CS|TAMS 0x00000000eaa00000, 0x00000000eaa00000| Complete 
| 171|0x00000000eab00000, 0x00000000eac00000, 0x00000000eac00000|100%| E|CS|TAMS 0x00000000eab00000, 0x00000000eab00000| Complete 
| 172|0x00000000eac00000, 0x00000000ead00000, 0x00000000ead00000|100%| E|CS|TAMS 0x00000000eac00000, 0x00000000eac00000| Complete 
| 173|0x00000000ead00000, 0x00000000eae00000, 0x00000000eae00000|100%| E|CS|TAMS 0x00000000ead00000, 0x00000000ead00000| Complete 
| 174|0x00000000eae00000, 0x00000000eaf00000, 0x00000000eaf00000|100%| E|CS|TAMS 0x00000000eae00000, 0x00000000eae00000| Complete 
| 175|0x00000000eaf00000, 0x00000000eb000000, 0x00000000eb000000|100%| E|CS|TAMS 0x00000000eaf00000, 0x00000000eaf00000| Complete 
| 176|0x00000000eb000000, 0x00000000eb100000, 0x00000000eb100000|100%| E|CS|TAMS 0x00000000eb000000, 0x00000000eb000000| Complete 
| 177|0x00000000eb100000, 0x00000000eb200000, 0x00000000eb200000|100%| E|CS|TAMS 0x00000000eb100000, 0x00000000eb100000| Complete 
| 178|0x00000000eb200000, 0x00000000eb300000, 0x00000000eb300000|100%| E|CS|TAMS 0x00000000eb200000, 0x00000000eb200000| Complete 
| 179|0x00000000eb300000, 0x00000000eb400000, 0x00000000eb400000|100%| E|CS|TAMS 0x00000000eb300000, 0x00000000eb300000| Complete 
| 180|0x00000000eb400000, 0x00000000eb500000, 0x00000000eb500000|100%| E|CS|TAMS 0x00000000eb400000, 0x00000000eb400000| Complete 
| 181|0x00000000eb500000, 0x00000000eb600000, 0x00000000eb600000|100%| E|CS|TAMS 0x00000000eb500000, 0x00000000eb500000| Complete 
| 182|0x00000000eb600000, 0x00000000eb700000, 0x00000000eb700000|100%| E|CS|TAMS 0x00000000eb600000, 0x00000000eb600000| Complete 
| 183|0x00000000eb700000, 0x00000000eb800000, 0x00000000eb800000|100%| E|CS|TAMS 0x00000000eb700000, 0x00000000eb700000| Complete 
| 184|0x00000000eb800000, 0x00000000eb900000, 0x00000000eb900000|100%| E|CS|TAMS 0x00000000eb800000, 0x00000000eb800000| Complete 
| 185|0x00000000eb900000, 0x00000000eba00000, 0x00000000eba00000|100%| E|CS|TAMS 0x00000000eb900000, 0x00000000eb900000| Complete 
| 186|0x00000000eba00000, 0x00000000ebb00000, 0x00000000ebb00000|100%| E|CS|TAMS 0x00000000eba00000, 0x00000000eba00000| Complete 
| 187|0x00000000ebb00000, 0x00000000ebc00000, 0x00000000ebc00000|100%| E|CS|TAMS 0x00000000ebb00000, 0x00000000ebb00000| Complete 
| 188|0x00000000ebc00000, 0x00000000ebd00000, 0x00000000ebd00000|100%| E|CS|TAMS 0x00000000ebc00000, 0x00000000ebc00000| Complete 
| 189|0x00000000ebd00000, 0x00000000ebe00000, 0x00000000ebe00000|100%| E|CS|TAMS 0x00000000ebd00000, 0x00000000ebd00000| Complete 
| 190|0x00000000ebe00000, 0x00000000ebf00000, 0x00000000ebf00000|100%| E|CS|TAMS 0x00000000ebe00000, 0x00000000ebe00000| Complete 
| 191|0x00000000ebf00000, 0x00000000ec000000, 0x00000000ec000000|100%| E|CS|TAMS 0x00000000ebf00000, 0x00000000ebf00000| Complete 
| 192|0x00000000ec000000, 0x00000000ec100000, 0x00000000ec100000|100%| E|CS|TAMS 0x00000000ec000000, 0x00000000ec000000| Complete 
| 193|0x00000000ec100000, 0x00000000ec200000, 0x00000000ec200000|100%| E|CS|TAMS 0x00000000ec100000, 0x00000000ec100000| Complete 
| 194|0x00000000ec200000, 0x00000000ec300000, 0x00000000ec300000|100%| E|CS|TAMS 0x00000000ec200000, 0x00000000ec200000| Complete 
| 195|0x00000000ec300000, 0x00000000ec400000, 0x00000000ec400000|100%| E|CS|TAMS 0x00000000ec300000, 0x00000000ec300000| Complete 
| 196|0x00000000ec400000, 0x00000000ec500000, 0x00000000ec500000|100%| E|CS|TAMS 0x00000000ec400000, 0x00000000ec400000| Complete 
| 197|0x00000000ec500000, 0x00000000ec600000, 0x00000000ec600000|100%| E|CS|TAMS 0x00000000ec500000, 0x00000000ec500000| Complete 
| 198|0x00000000ec600000, 0x00000000ec700000, 0x00000000ec700000|100%| E|CS|TAMS 0x00000000ec600000, 0x00000000ec600000| Complete 
| 199|0x00000000ec700000, 0x00000000ec800000, 0x00000000ec800000|100%| E|CS|TAMS 0x00000000ec700000, 0x00000000ec700000| Complete 
| 200|0x00000000ec800000, 0x00000000ec900000, 0x00000000ec900000|100%| E|CS|TAMS 0x00000000ec800000, 0x00000000ec800000| Complete 
| 201|0x00000000ec900000, 0x00000000eca00000, 0x00000000eca00000|100%| E|CS|TAMS 0x00000000ec900000, 0x00000000ec900000| Complete 
| 202|0x00000000eca00000, 0x00000000ecb00000, 0x00000000ecb00000|100%| E|CS|TAMS 0x00000000eca00000, 0x00000000eca00000| Complete 
| 203|0x00000000ecb00000, 0x00000000ecc00000, 0x00000000ecc00000|100%| E|CS|TAMS 0x00000000ecb00000, 0x00000000ecb00000| Complete 
| 204|0x00000000ecc00000, 0x00000000ecd00000, 0x00000000ecd00000|100%| E|CS|TAMS 0x00000000ecc00000, 0x00000000ecc00000| Complete 
| 205|0x00000000ecd00000, 0x00000000ece00000, 0x00000000ece00000|100%| E|CS|TAMS 0x00000000ecd00000, 0x00000000ecd00000| Complete 
| 206|0x00000000ece00000, 0x00000000ecf00000, 0x00000000ecf00000|100%| E|CS|TAMS 0x00000000ece00000, 0x00000000ece00000| Complete 
| 207|0x00000000ecf00000, 0x00000000ed000000, 0x00000000ed000000|100%| E|CS|TAMS 0x00000000ecf00000, 0x00000000ecf00000| Complete 
| 208|0x00000000ed000000, 0x00000000ed100000, 0x00000000ed100000|100%| E|CS|TAMS 0x00000000ed000000, 0x00000000ed000000| Complete 
| 209|0x00000000ed100000, 0x00000000ed200000, 0x00000000ed200000|100%| E|CS|TAMS 0x00000000ed100000, 0x00000000ed100000| Complete 
| 210|0x00000000ed200000, 0x00000000ed300000, 0x00000000ed300000|100%| E|CS|TAMS 0x00000000ed200000, 0x00000000ed200000| Complete 
| 211|0x00000000ed300000, 0x00000000ed400000, 0x00000000ed400000|100%| E|CS|TAMS 0x00000000ed300000, 0x00000000ed300000| Complete 
| 212|0x00000000ed400000, 0x00000000ed500000, 0x00000000ed500000|100%| E|CS|TAMS 0x00000000ed400000, 0x00000000ed400000| Complete 
| 213|0x00000000ed500000, 0x00000000ed600000, 0x00000000ed600000|100%| E|CS|TAMS 0x00000000ed500000, 0x00000000ed500000| Complete 
| 214|0x00000000ed600000, 0x00000000ed700000, 0x00000000ed700000|100%| E|CS|TAMS 0x00000000ed600000, 0x00000000ed600000| Complete 
| 215|0x00000000ed700000, 0x00000000ed800000, 0x00000000ed800000|100%| E|CS|TAMS 0x00000000ed700000, 0x00000000ed700000| Complete 
| 216|0x00000000ed800000, 0x00000000ed900000, 0x00000000ed900000|100%| E|CS|TAMS 0x00000000ed800000, 0x00000000ed800000| Complete 
| 217|0x00000000ed900000, 0x00000000eda00000, 0x00000000eda00000|100%| E|CS|TAMS 0x00000000ed900000, 0x00000000ed900000| Complete 
| 218|0x00000000eda00000, 0x00000000edb00000, 0x00000000edb00000|100%| E|CS|TAMS 0x00000000eda00000, 0x00000000eda00000| Complete 
| 219|0x00000000edb00000, 0x00000000edc00000, 0x00000000edc00000|100%| E|CS|TAMS 0x00000000edb00000, 0x00000000edb00000| Complete 
| 220|0x00000000edc00000, 0x00000000edd00000, 0x00000000edd00000|100%| E|CS|TAMS 0x00000000edc00000, 0x00000000edc00000| Complete 
| 221|0x00000000edd00000, 0x00000000ede00000, 0x00000000ede00000|100%| E|CS|TAMS 0x00000000edd00000, 0x00000000edd00000| Complete 
| 222|0x00000000ede00000, 0x00000000edf00000, 0x00000000edf00000|100%| E|CS|TAMS 0x00000000ede00000, 0x00000000ede00000| Complete 
| 223|0x00000000edf00000, 0x00000000ee000000, 0x00000000ee000000|100%| E|CS|TAMS 0x00000000edf00000, 0x00000000edf00000| Complete 
| 224|0x00000000ee000000, 0x00000000ee100000, 0x00000000ee100000|100%| E|CS|TAMS 0x00000000ee000000, 0x00000000ee000000| Complete 
| 225|0x00000000ee100000, 0x00000000ee200000, 0x00000000ee200000|100%| E|CS|TAMS 0x00000000ee100000, 0x00000000ee100000| Complete 
| 226|0x00000000ee200000, 0x00000000ee300000, 0x00000000ee300000|100%| E|CS|TAMS 0x00000000ee200000, 0x00000000ee200000| Complete 
| 227|0x00000000ee300000, 0x00000000ee400000, 0x00000000ee400000|100%| E|CS|TAMS 0x00000000ee300000, 0x00000000ee300000| Complete 
| 228|0x00000000ee400000, 0x00000000ee500000, 0x00000000ee500000|100%| E|CS|TAMS 0x00000000ee400000, 0x00000000ee400000| Complete 
| 229|0x00000000ee500000, 0x00000000ee600000, 0x00000000ee600000|100%| E|CS|TAMS 0x00000000ee500000, 0x00000000ee500000| Complete 
| 230|0x00000000ee600000, 0x00000000ee700000, 0x00000000ee700000|100%| E|CS|TAMS 0x00000000ee600000, 0x00000000ee600000| Complete 
| 231|0x00000000ee700000, 0x00000000ee800000, 0x00000000ee800000|100%| E|CS|TAMS 0x00000000ee700000, 0x00000000ee700000| Complete 
| 232|0x00000000ee800000, 0x00000000ee900000, 0x00000000ee900000|100%| E|CS|TAMS 0x00000000ee800000, 0x00000000ee800000| Complete 
| 233|0x00000000ee900000, 0x00000000eea00000, 0x00000000eea00000|100%| E|CS|TAMS 0x00000000ee900000, 0x00000000ee900000| Complete 
| 234|0x00000000eea00000, 0x00000000eeb00000, 0x00000000eeb00000|100%| E|CS|TAMS 0x00000000eea00000, 0x00000000eea00000| Complete 
| 235|0x00000000eeb00000, 0x00000000eec00000, 0x00000000eec00000|100%| E|CS|TAMS 0x00000000eeb00000, 0x00000000eeb00000| Complete 
| 236|0x00000000eec00000, 0x00000000eed00000, 0x00000000eed00000|100%| E|CS|TAMS 0x00000000eec00000, 0x00000000eec00000| Complete 
| 237|0x00000000eed00000, 0x00000000eee00000, 0x00000000eee00000|100%| E|CS|TAMS 0x00000000eed00000, 0x00000000eed00000| Complete 
| 238|0x00000000eee00000, 0x00000000eef00000, 0x00000000eef00000|100%| E|CS|TAMS 0x00000000eee00000, 0x00000000eee00000| Complete 
| 239|0x00000000eef00000, 0x00000000ef000000, 0x00000000ef000000|100%| E|CS|TAMS 0x00000000eef00000, 0x00000000eef00000| Complete 
| 240|0x00000000ef000000, 0x00000000ef100000, 0x00000000ef100000|100%| E|CS|TAMS 0x00000000ef000000, 0x00000000ef000000| Complete 
| 241|0x00000000ef100000, 0x00000000ef200000, 0x00000000ef200000|100%| E|CS|TAMS 0x00000000ef100000, 0x00000000ef100000| Complete 
| 242|0x00000000ef200000, 0x00000000ef300000, 0x00000000ef300000|100%| E|CS|TAMS 0x00000000ef200000, 0x00000000ef200000| Complete 
| 243|0x00000000ef300000, 0x00000000ef400000, 0x00000000ef400000|100%| E|CS|TAMS 0x00000000ef300000, 0x00000000ef300000| Complete 
| 244|0x00000000ef400000, 0x00000000ef500000, 0x00000000ef500000|100%| E|CS|TAMS 0x00000000ef400000, 0x00000000ef400000| Complete 
| 245|0x00000000ef500000, 0x00000000ef600000, 0x00000000ef600000|100%| E|CS|TAMS 0x00000000ef500000, 0x00000000ef500000| Complete 
| 246|0x00000000ef600000, 0x00000000ef700000, 0x00000000ef700000|100%| E|CS|TAMS 0x00000000ef600000, 0x00000000ef600000| Complete 
| 247|0x00000000ef700000, 0x00000000ef800000, 0x00000000ef800000|100%| E|CS|TAMS 0x00000000ef700000, 0x00000000ef700000| Complete 
| 248|0x00000000ef800000, 0x00000000ef900000, 0x00000000ef900000|100%| E|CS|TAMS 0x00000000ef800000, 0x00000000ef800000| Complete 
| 249|0x00000000ef900000, 0x00000000efa00000, 0x00000000efa00000|100%| E|CS|TAMS 0x00000000ef900000, 0x00000000ef900000| Complete 
| 250|0x00000000efa00000, 0x00000000efb00000, 0x00000000efb00000|100%| E|CS|TAMS 0x00000000efa00000, 0x00000000efa00000| Complete 
| 251|0x00000000efb00000, 0x00000000efc00000, 0x00000000efc00000|100%| E|CS|TAMS 0x00000000efb00000, 0x00000000efb00000| Complete 
| 252|0x00000000efc00000, 0x00000000efd00000, 0x00000000efd00000|100%| E|CS|TAMS 0x00000000efc00000, 0x00000000efc00000| Complete 
| 253|0x00000000efd00000, 0x00000000efe00000, 0x00000000efe00000|100%| E|CS|TAMS 0x00000000efd00000, 0x00000000efd00000| Complete 
| 254|0x00000000efe00000, 0x00000000eff00000, 0x00000000eff00000|100%| E|CS|TAMS 0x00000000efe00000, 0x00000000efe00000| Complete 
| 255|0x00000000eff00000, 0x00000000f0000000, 0x00000000f0000000|100%| E|CS|TAMS 0x00000000eff00000, 0x00000000eff00000| Complete 

Card table byte_map: [0x00007f4ce87b0000,0x00007f4ce88b0000] _byte_map_base: 0x00007f4ce80b0000

Marking Bits (Prev, Next): (CMBitMap*) 0x00007f4d000357d8, (CMBitMap*) 0x00007f4d00035818
 Prev Bits: [0x00007f4ce7eb0000, 0x00007f4ce86b0000)
 Next Bits: [0x00007f4ce76b0000, 0x00007f4ce7eb0000)

Polling page: 0x00007f4d063ba000

Metaspace:

Usage:
  Non-class:     44.35 MB capacity,    43.73 MB ( 99%) used,   543.69 KB (  1%) free+waste,    88.50 KB ( <1%) overhead. 
      Class:      6.68 MB capacity,     6.38 MB ( 95%) used,   271.59 KB (  4%) free+waste,    38.88 KB ( <1%) overhead. 
       Both:     51.03 MB capacity,    50.11 MB ( 98%) used,   815.27 KB (  2%) free+waste,   127.38 KB ( <1%) overhead. 

Virtual space:
  Non-class space:       46.00 MB reserved,      44.75 MB ( 97%) committed 
      Class space:      248.00 MB reserved,       6.75 MB (  3%) committed 
             Both:      294.00 MB reserved,      51.50 MB ( 18%) committed 

Chunk freelists:
   Non-Class:  24.25 KB
       Class:  0 bytes
        Both:  24.25 KB

CodeHeap 'non-profiled nmethods': size=120032Kb used=2725Kb max_used=2811Kb free=117306Kb
 bounds [0x00007f4cf0378000, 0x00007f4cf0648000, 0x00007f4cf78b0000]
CodeHeap 'profiled nmethods': size=120032Kb used=11414Kb max_used=11565Kb free=108617Kb
 bounds [0x00007f4ce8e40000, 0x00007f4ce99a0000, 0x00007f4cf0378000]
CodeHeap 'non-nmethods': size=5696Kb used=2199Kb max_used=2267Kb free=3496Kb
 bounds [0x00007f4ce88b0000, 0x00007f4ce8b20000, 0x00007f4ce8e40000]
 total_blobs=8560 nmethods=5918 adapters=700
 compilation: enabled
              stopped_count=0, restarted_count=0
 full_count=0

Compilation events (10 events):
Event: 63.436 Thread 0x00007f4d001bd000 6702       2       io.spring.gradle.dependencymanagement.org.apache.maven.model.normalization.DefaultModelNormalizer::mergeDuplicates (264 bytes)
Event: 63.438 Thread 0x00007f4d001bd000 nmethod 6702 0x00007f4ce936cd10 code [0x00007f4ce936d0e0, 0x00007f4ce936e218]
Event: 63.439 Thread 0x00007f4d001bd000 6701       1       io.spring.gradle.dependencymanagement.org.apache.maven.model.building.ModelCacheTag$1::getName (3 bytes)
Event: 63.439 Thread 0x00007f4d001bd000 nmethod 6701 0x00007f4cf0392d10 code [0x00007f4cf0392ec0, 0x00007f4cf0392fd0]
Event: 63.440 Thread 0x00007f4d001bd000 6703       3       java.util.regex.Pattern::clazz (438 bytes)
Event: 63.444 Thread 0x00007f4d001bd000 nmethod 6703 0x00007f4ce9998410 code [0x00007f4ce9998960, 0x00007f4ce999b8d8]
Event: 63.444 Thread 0x00007f4d001bd000 6704       1       io.spring.gradle.dependencymanagement.org.apache.maven.model.FileSet::setDirectory (6 bytes)
Event: 63.444 Thread 0x00007f4d001bd000 nmethod 6704 0x00007f4cf03b0590 code [0x00007f4cf03b0740, 0x00007f4cf03b0890]
Event: 63.445 Thread 0x00007f4d001bd000 6705   !   2       io.spring.gradle.dependencymanagement.org.apache.maven.model.Developer::clone (51 bytes)
Event: 63.445 Thread 0x00007f4d001bd000 nmethod 6705 0x00007f4ce8e6ae10 code [0x00007f4ce8e6b060, 0x00007f4ce8e6b5e8]

GC Heap History (10 events):
Event: 1.693 GC heap after
{Heap after GC invocations=4 (full 0):
 garbage-first heap   total 262144K, used 15948K [0x00000000e0000000, 0x0000000100000000)
  region size 1024K, 6 young (6144K), 6 survivors (6144K)
 Metaspace       used 20724K, capacity 21139K, committed 21248K, reserved 272384K
  class space    used 2601K, capacity 2779K, committed 2816K, reserved 253952K
}
Event: 2.510 GC heap before
{Heap before GC invocations=5 (full 0):
 garbage-first heap   total 262144K, used 55884K [0x00000000e0000000, 0x0000000100000000)
  region size 1024K, 46 young (47104K), 6 survivors (6144K)
 Metaspace       used 29453K, capacity 29914K, committed 30336K, reserved 280576K
  class space    used 3713K, capacity 3913K, committed 3968K, reserved 253952K
}
Event: 2.521 GC heap after
{Heap after GC invocations=6 (full 0):
 garbage-first heap   total 262144K, used 18949K [0x00000000e0000000, 0x0000000100000000)
  region size 1024K, 5 young (5120K), 5 survivors (5120K)
 Metaspace       used 29453K, capacity 29914K, committed 30336K, reserved 280576K
  class space    used 3713K, capacity 3913K, committed 3968K, reserved 253952K
}
Event: 3.114 GC heap before
{Heap before GC invocations=6 (full 0):
 garbage-first heap   total 262144K, used 58885K [0x00000000e0000000, 0x0000000100000000)
  region size 1024K, 43 young (44032K), 5 survivors (5120K)
 Metaspace       used 34862K, capacity 35298K, committed 35840K, reserved 286720K
  class space    used 4321K, capacity 4508K, committed 4608K, reserved 253952K
}
Event: 3.127 GC heap after
{Heap after GC invocations=7 (full 0):
 garbage-first heap   total 262144K, used 20616K [0x00000000e0000000, 0x0000000100000000)
  region size 1024K, 7 young (7168K), 7 survivors (7168K)
 Metaspace       used 34862K, capacity 35298K, committed 35840K, reserved 286720K
  class space    used 4321K, capacity 4508K, committed 4608K, reserved 253952K
}
Event: 4.206 GC heap before
{Heap before GC invocations=8 (full 0):
 garbage-first heap   total 262144K, used 100488K [0x00000000e0000000, 0x0000000100000000)
  region size 1024K, 85 young (87040K), 7 survivors (7168K)
 Metaspace       used 42096K, capacity 42779K, committed 43392K, reserved 292864K
  class space    used 5484K, capacity 5735K, committed 5760K, reserved 253952K
}
Event: 4.220 GC heap after
{Heap after GC invocations=9 (full 0):
 garbage-first heap   total 262144K, used 23868K [0x00000000e0000000, 0x0000000100000000)
  region size 1024K, 8 young (8192K), 8 survivors (8192K)
 Metaspace       used 42096K, capacity 42779K, committed 43392K, reserved 292864K
  class space    used 5484K, capacity 5735K, committed 5760K, reserved 253952K
}
Event: 5.822 GC heap before
{Heap before GC invocations=9 (full 0):
 garbage-first heap   total 262144K, used 171324K [0x00000000e0000000, 0x0000000100000000)
  region size 1024K, 153 young (156672K), 8 survivors (8192K)
 Metaspace       used 48047K, capacity 48894K, committed 49408K, reserved 296960K
  class space    used 6233K, capacity 6529K, committed 6656K, reserved 253952K
}
Event: 5.849 GC heap after
{Heap after GC invocations=10 (full 0):
 garbage-first heap   total 262144K, used 33805K [0x00000000e0000000, 0x0000000100000000)
  region size 1024K, 18 young (18432K), 18 survivors (18432K)
 Metaspace       used 48047K, capacity 48894K, committed 49408K, reserved 296960K
  class space    used 6233K, capacity 6529K, committed 6656K, reserved 253952K
}
Event: 63.446 GC heap before
{Heap before GC invocations=10 (full 0):
 garbage-first heap   total 262144K, used 171021K [0x00000000e0000000, 0x0000000100000000)
  region size 1024K, 153 young (156672K), 18 survivors (18432K)
 Metaspace       used 51310K, capacity 52253K, committed 52736K, reserved 301056K
  class space    used 6528K, capacity 6839K, committed 6912K, reserved 253952K
}

Deoptimization events (10 events):
Event: 16.314 Thread 0x00007f4c7c039800 Uncommon trap: reason=class_check action=maybe_recompile pc=0x00007f4cf0393058 method=java.lang.String.equals(Ljava/lang/Object;)Z @ 8 c2
Event: 16.355 Thread 0x00007f4c84016000 Uncommon trap: reason=predicate action=maybe_recompile pc=0x00007f4cf0426648 method=sun.security.provider.DigestBase.implCompressMultiBlock0([BII)I @ 2 c2
Event: 16.357 Thread 0x00007f4c84016000 Uncommon trap: reason=predicate action=maybe_recompile pc=0x00007f4cf0427eec method=sun.security.provider.DigestBase.implCompressMultiBlock0([BII)I @ 2 c2
Event: 16.397 Thread 0x00007f4c7c004800 Uncommon trap: reason=unstable_if action=reinterpret pc=0x00007f4cf05d32d8 method=com.esotericsoftware.kryo.io.Input.require(I)I @ 180 c2
Event: 63.166 Thread 0x00007f4c7c039800 Uncommon trap: reason=bimorphic_or_optimized_type_check action=maybe_recompile pc=0x00007f4cf0446c40 method=com.google.common.collect.RegularImmutableSet.contains(Ljava/lang/Object;)Z @ 42 c2
Event: 63.166 Thread 0x00007f4c7c039800 Uncommon trap: reason=bimorphic_or_optimized_type_check action=maybe_recompile pc=0x00007f4cf0446c40 method=com.google.common.collect.RegularImmutableSet.contains(Ljava/lang/Object;)Z @ 42 c2
Event: 63.211 Thread 0x00007f4c78295000 Uncommon trap: reason=speculate_class_check action=maybe_recompile pc=0x00007f4cf04020a4 method=jdk.internal.reflect.UnsafeObjectFieldAccessorImpl.get(Ljava/lang/Object;)Ljava/lang/Object; @ 13 c2
Event: 63.212 Thread 0x00007f4c78295000 Uncommon trap: reason=speculate_class_check action=maybe_recompile pc=0x00007f4cf04020a4 method=jdk.internal.reflect.UnsafeObjectFieldAccessorImpl.get(Ljava/lang/Object;)Ljava/lang/Object; @ 13 c2
Event: 63.213 Thread 0x00007f4c78295000 Uncommon trap: reason=speculate_class_check action=maybe_recompile pc=0x00007f4cf04020a4 method=jdk.internal.reflect.UnsafeObjectFieldAccessorImpl.get(Ljava/lang/Object;)Ljava/lang/Object; @ 13 c2
Event: 63.213 Thread 0x00007f4c78295000 Uncommon trap: reason=speculate_class_check action=maybe_recompile pc=0x00007f4cf04020a4 method=jdk.internal.reflect.UnsafeObjectFieldAccessorImpl.get(Ljava/lang/Object;)Ljava/lang/Object; @ 13 c2

Classes redefined (0 events):
No events

Internal exceptions (10 events):
Event: 16.360 Thread 0x00007f4c84016000 Exception <a 'java/lang/NoSuchMethodError'{0x00000000ea88c650}: <clinit>> (0x00000000ea88c650) thrown at [/build/java-openjdk/src/jdk12u-jdk-12.0.2+10/src/hotspot/share/prims/jni.cpp, line 1362]
Event: 19.757 Thread 0x00007f4c79073000 Exception <a 'java/io/IOException'{0x00000000eb097550}> (0x00000000eb097550) thrown at [/build/java-openjdk/src/jdk12u-jdk-12.0.2+10/src/hotspot/share/prims/jni.cpp, line 615]
Event: 24.756 Thread 0x00007f4c79073000 Exception <a 'java/io/IOException'{0x00000000eb09ec38}> (0x00000000eb09ec38) thrown at [/build/java-openjdk/src/jdk12u-jdk-12.0.2+10/src/hotspot/share/prims/jni.cpp, line 615]
Event: 29.756 Thread 0x00007f4c79073000 Exception <a 'java/io/IOException'{0x00000000eb0a6320}> (0x00000000eb0a6320) thrown at [/build/java-openjdk/src/jdk12u-jdk-12.0.2+10/src/hotspot/share/prims/jni.cpp, line 615]
Event: 34.757 Thread 0x00007f4c79073000 Exception <a 'java/io/IOException'{0x00000000ea726520}> (0x00000000ea726520) thrown at [/build/java-openjdk/src/jdk12u-jdk-12.0.2+10/src/hotspot/share/prims/jni.cpp, line 615]
Event: 39.757 Thread 0x00007f4c79073000 Exception <a 'java/io/IOException'{0x00000000ea72dc08}> (0x00000000ea72dc08) thrown at [/build/java-openjdk/src/jdk12u-jdk-12.0.2+10/src/hotspot/share/prims/jni.cpp, line 615]
Event: 44.756 Thread 0x00007f4c79073000 Exception <a 'java/io/IOException'{0x00000000ea7352f0}> (0x00000000ea7352f0) thrown at [/build/java-openjdk/src/jdk12u-jdk-12.0.2+10/src/hotspot/share/prims/jni.cpp, line 615]
Event: 49.757 Thread 0x00007f4c79073000 Exception <a 'java/io/IOException'{0x00000000ea740190}> (0x00000000ea740190) thrown at [/build/java-openjdk/src/jdk12u-jdk-12.0.2+10/src/hotspot/share/prims/jni.cpp, line 615]
Event: 54.756 Thread 0x00007f4c79073000 Exception <a 'java/io/IOException'{0x00000000ea745868}> (0x00000000ea745868) thrown at [/build/java-openjdk/src/jdk12u-jdk-12.0.2+10/src/hotspot/share/prims/jni.cpp, line 615]
Event: 59.756 Thread 0x00007f4c79073000 Exception <a 'java/io/IOException'{0x00000000ea7abf70}> (0x00000000ea7abf70) thrown at [/build/java-openjdk/src/jdk12u-jdk-12.0.2+10/src/hotspot/share/prims/jni.cpp, line 615]

Events (10 events):
Event: 63.435 Thread 0x00007f4d001bf000 flushing nmethod 0x00007f4ce9697a90
Event: 63.435 Thread 0x00007f4d001bf000 flushing nmethod 0x00007f4ce96d5810
Event: 63.435 Thread 0x00007f4d001bf000 flushing nmethod 0x00007f4ce96fb510
Event: 63.440 Thread 0x00007f4c78295000 DEOPT PACKING pc=0x00007f4ce93003b0 sp=0x00007f4c6b6f5b30
Event: 63.440 Thread 0x00007f4c78295000 DEOPT UNPACKING pc=0x00007f4ce88d8dba sp=0x00007f4c6b6f50c8 mode 0
Event: 63.443 Thread 0x00007f4c78295000 DEOPT PACKING pc=0x00007f4ce95f2dbf sp=0x00007f4c6b6f5db0
Event: 63.443 Thread 0x00007f4c78295000 DEOPT UNPACKING pc=0x00007f4ce88d8dba sp=0x00007f4c6b6f5358 mode 0
Event: 63.444 Thread 0x00007f4c78295000 DEOPT PACKING pc=0x00007f4ce95f2dbf sp=0x00007f4c6b6f5d60
Event: 63.444 Thread 0x00007f4c78295000 DEOPT UNPACKING pc=0x00007f4ce88d8dba sp=0x00007f4c6b6f5308 mode 0
Event: 63.445 Executing VM operation: G1CollectForAllocation


Dynamic libraries:
e0000000-f0000000 rw-p 00000000 00:00 0 
f0000000-100000000 ---p 00000000 00:00 0 
100000000-1006c0000 rw-p 00000000 00:00 0 
1006c0000-10f800000 ---p 00000000 00:00 0 
55ca2e499000-55ca2e49a000 r--p 00000000 08:03 3015425                    /usr/lib/jvm/java-12-openjdk/bin/java
55ca2e49a000-55ca2e49b000 r-xp 00001000 08:03 3015425                    /usr/lib/jvm/java-12-openjdk/bin/java
55ca2e49b000-55ca2e49c000 r--p 00002000 08:03 3015425                    /usr/lib/jvm/java-12-openjdk/bin/java
55ca2e49c000-55ca2e49d000 r--p 00002000 08:03 3015425                    /usr/lib/jvm/java-12-openjdk/bin/java
55ca2e49d000-55ca2e49e000 rw-p 00003000 08:03 3015425                    /usr/lib/jvm/java-12-openjdk/bin/java
55ca3011c000-55ca3013d000 rw-p 00000000 00:00 0                          [heap]
7f4c64000000-7f4c64021000 rw-p 00000000 00:00 0 
7f4c64021000-7f4c68000000 ---p 00000000 00:00 0 
7f4c6abf6000-7f4c6acb6000 rw-p 00000000 00:00 0 
7f4c6acb6000-7f4c6adf6000 ---p 00000000 00:00 0 
7f4c6adf6000-7f4c6aff6000 rw-p 00000000 00:00 0 
7f4c6aff6000-7f4c6b1f6000 rw-p 00000000 00:00 0 
7f4c6b1f6000-7f4c6b1fa000 ---p 00000000 00:00 0 
7f4c6b1fa000-7f4c6b2f7000 rw-p 00000000 00:00 0 
7f4c6b2f7000-7f4c6b2fb000 ---p 00000000 00:00 0 
7f4c6b2fb000-7f4c6b3f8000 rw-p 00000000 00:00 0 
7f4c6b3f8000-7f4c6b3fc000 ---p 00000000 00:00 0 
7f4c6b3fc000-7f4c6b4f9000 rw-p 00000000 00:00 0 
7f4c6b4f9000-7f4c6b4fd000 ---p 00000000 00:00 0 
7f4c6b4fd000-7f4c6b5fa000 rw-p 00000000 00:00 0 
7f4c6b5fa000-7f4c6b5fe000 ---p 00000000 00:00 0 
7f4c6b5fe000-7f4c6b6fb000 rw-p 00000000 00:00 0 
7f4c6b6fb000-7f4c6b6ff000 ---p 00000000 00:00 0 
7f4c6b6ff000-7f4c6b7fc000 rw-p 00000000 00:00 0 
7f4c6b7fc000-7f4c6b800000 ---p 00000000 00:00 0 
7f4c6b800000-7f4c6bafd000 rw-p 00000000 00:00 0 
7f4c6bafd000-7f4c6bcfd000 rw-p 00000000 00:00 0 
7f4c6bcfd000-7f4c6bd01000 ---p 00000000 00:00 0 
7f4c6bd01000-7f4c6bdfe000 rw-p 00000000 00:00 0 
7f4c6bdfe000-7f4c6be02000 ---p 00000000 00:00 0 
7f4c6be02000-7f4c6beff000 rw-p 00000000 00:00 0 
7f4c6beff000-7f4c6bf03000 ---p 00000000 00:00 0 
7f4c6bf03000-7f4c6c000000 rw-p 00000000 00:00 0 
7f4c6c000000-7f4c6cbcc000 rw-p 00000000 00:00 0 
7f4c6cbcc000-7f4c70000000 ---p 00000000 00:00 0 
7f4c70000000-7f4c70021000 rw-p 00000000 00:00 0 
7f4c70021000-7f4c74000000 ---p 00000000 00:00 0 
7f4c74000000-7f4c74021000 rw-p 00000000 00:00 0 
7f4c74021000-7f4c78000000 ---p 00000000 00:00 0 
7f4c78000000-7f4c79098000 rw-p 00000000 00:00 0 
7f4c79098000-7f4c7c000000 ---p 00000000 00:00 0 
7f4c7c000000-7f4c7c046000 rw-p 00000000 00:00 0 
7f4c7c046000-7f4c80000000 ---p 00000000 00:00 0 
7f4c80000000-7f4c800d5000 rw-p 00000000 00:00 0 
7f4c800d5000-7f4c84000000 ---p 00000000 00:00 0 
7f4c84000000-7f4c84053000 rw-p 00000000 00:00 0 
7f4c84053000-7f4c88000000 ---p 00000000 00:00 0 
7f4c88000000-7f4c88025000 rw-p 00000000 00:00 0 
7f4c88025000-7f4c8c000000 ---p 00000000 00:00 0 
7f4c8c000000-7f4c8c021000 rw-p 00000000 00:00 0 
7f4c8c021000-7f4c90000000 ---p 00000000 00:00 0 
7f4c90000000-7f4c90021000 rw-p 00000000 00:00 0 
7f4c90021000-7f4c94000000 ---p 00000000 00:00 0 
7f4c94000000-7f4c94021000 rw-p 00000000 00:00 0 
7f4c94021000-7f4c98000000 ---p 00000000 00:00 0 
7f4c98000000-7f4c98046000 rw-p 00000000 00:00 0 
7f4c98046000-7f4c9c000000 ---p 00000000 00:00 0 
7f4c9c000000-7f4c9dcea000 rw-p 00000000 00:00 0 
7f4c9dcea000-7f4ca0000000 ---p 00000000 00:00 0 
7f4ca0000000-7f4ca0021000 rw-p 00000000 00:00 0 
7f4ca0021000-7f4ca4000000 ---p 00000000 00:00 0 
7f4ca4000000-7f4ca4022000 rw-p 00000000 00:00 0 
7f4ca4022000-7f4ca8000000 ---p 00000000 00:00 0 
7f4ca8000000-7f4ca8217000 rw-p 00000000 00:00 0 
7f4ca8217000-7f4cac000000 ---p 00000000 00:00 0 
7f4cac000000-7f4cac021000 rw-p 00000000 00:00 0 
7f4cac021000-7f4cb0000000 ---p 00000000 00:00 0 
7f4cb0000000-7f4cb0021000 rw-p 00000000 00:00 0 
7f4cb0021000-7f4cb4000000 ---p 00000000 00:00 0 
7f4cb4000000-7f4cb5679000 rw-p 00000000 00:00 0 
7f4cb5679000-7f4cb8000000 ---p 00000000 00:00 0 
7f4cb8000000-7f4cb8afa000 rw-p 00000000 00:00 0 
7f4cb8afa000-7f4cbc000000 ---p 00000000 00:00 0 
7f4cbc000000-7f4cbc021000 rw-p 00000000 00:00 0 
7f4cbc021000-7f4cc0000000 ---p 00000000 00:00 0 
7f4cc0000000-7f4cc0021000 rw-p 00000000 00:00 0 
7f4cc0021000-7f4cc4000000 ---p 00000000 00:00 0 
7f4cc40d1000-7f4cc40d5000 ---p 00000000 00:00 0 
7f4cc40d5000-7f4cc41d2000 rw-p 00000000 00:00 0 
7f4cc41d2000-7f4cc41d6000 ---p 00000000 00:00 0 
7f4cc41d6000-7f4cc44d3000 rw-p 00000000 00:00 0 
7f4cc44d3000-7f4cc46d3000 rw-p 00000000 00:00 0 
7f4cc46d3000-7f4cc46d7000 ---p 00000000 00:00 0 
7f4cc46d7000-7f4cc47d4000 rw-p 00000000 00:00 0 
7f4cc47d4000-7f4cc47d8000 ---p 00000000 00:00 0 
7f4cc47d8000-7f4cc48d5000 rw-p 00000000 00:00 0 
7f4cc48d5000-7f4cc48d9000 ---p 00000000 00:00 0 
7f4cc48d9000-7f4cc4bd6000 rw-p 00000000 00:00 0 
7f4cc4bd6000-7f4cc4dd6000 rw-p 00000000 00:00 0 
7f4cc4dd6000-7f4cc4fd6000 rw-p 00000000 00:00 0 
7f4cc4fd6000-7f4cc51d6000 rw-p 00000000 00:00 0 
7f4cc51d6000-7f4cc53d6000 rw-p 00000000 00:00 0 
7f4cc53d6000-7f4cc55d6000 rw-p 00000000 00:00 0 
7f4cc55d6000-7f4cc55da000 ---p 00000000 00:00 0 
7f4cc55da000-7f4cc58d7000 rw-p 00000000 00:00 0 
7f4cc58d7000-7f4cc58db000 ---p 00000000 00:00 0 
7f4cc58db000-7f4cc59d8000 rw-p 00000000 00:00 0 
7f4cc59d8000-7f4cc59dc000 ---p 00000000 00:00 0 
7f4cc59dc000-7f4cc5ad9000 rw-p 00000000 00:00 0 
7f4cc5ad9000-7f4cc5add000 ---p 00000000 00:00 0 
7f4cc5add000-7f4cc5bda000 rw-p 00000000 00:00 0 
7f4cc5bfb000-7f4cc5dfb000 rw-p 00000000 00:00 0 
7f4cc5dfb000-7f4cc5dff000 ---p 00000000 00:00 0 
7f4cc5dff000-7f4cc5efc000 rw-p 00000000 00:00 0 
7f4cc5efc000-7f4cc5f00000 ---p 00000000 00:00 0 
7f4cc5f00000-7f4cc5ffd000 rw-p 00000000 00:00 0 
7f4cc5ffd000-7f4cc6001000 ---p 00000000 00:00 0 
7f4cc6001000-7f4cc60fe000 rw-p 00000000 00:00 0 
7f4cc60fe000-7f4cc6102000 ---p 00000000 00:00 0 
7f4cc6102000-7f4cc61ff000 rw-p 00000000 00:00 0 
7f4cc61ff000-7f4cc6203000 ---p 00000000 00:00 0 
7f4cc6203000-7f4cc6500000 rw-p 00000000 00:00 0 
7f4cc6500000-7f4cc6504000 ---p 00000000 00:00 0 
7f4cc6504000-7f4cc6601000 rw-p 00000000 00:00 0 
7f4cc6601000-7f4cc6605000 ---p 00000000 00:00 0 
7f4cc6605000-7f4cc6702000 rw-p 00000000 00:00 0 
7f4cc6702000-7f4cc6706000 ---p 00000000 00:00 0 
7f4cc6706000-7f4cc6803000 rw-p 00000000 00:00 0 
7f4cc6803000-7f4cc6807000 ---p 00000000 00:00 0 
7f4cc6807000-7f4cc6b04000 rw-p 00000000 00:00 0 
7f4cc6b04000-7f4cc6b08000 ---p 00000000 00:00 0 
7f4cc6b08000-7f4cc6e05000 rw-p 00000000 00:00 0 
7f4cc6e05000-7f4cc6e06000 ---p 00000000 00:00 0 
7f4cc6e06000-7f4cc6f07000 rw-p 00000000 00:00 0 
7f4cc6f07000-7f4cc6f08000 ---p 00000000 00:00 0 
7f4cc6f08000-7f4cc7009000 rw-p 00000000 00:00 0 
7f4cc7009000-7f4cc700a000 ---p 00000000 00:00 0 
7f4cc700a000-7f4cc710b000 rw-p 00000000 00:00 0 
7f4cc710b000-7f4cc710c000 ---p 00000000 00:00 0 
7f4cc710c000-7f4cc740d000 rw-p 00000000 00:00 0 
7f4cc740d000-7f4cc7413000 r-xp 00000000 08:03 4592989                    /home/andrew/.gradle/native/30/linux-amd64/libnative-platform.so
7f4cc7413000-7f4cc7612000 ---p 00006000 08:03 4592989                    /home/andrew/.gradle/native/30/linux-amd64/libnative-platform.so
7f4cc7612000-7f4cc7613000 rw-p 00005000 08:03 4592989                    /home/andrew/.gradle/native/30/linux-amd64/libnative-platform.so
7f4cc7613000-7f4cc7617000 ---p 00000000 00:00 0 
7f4cc7617000-7f4cc7714000 rw-p 00000000 00:00 0 
7f4cc7714000-7f4cc7715000 ---p 00000000 00:00 0 
7f4cc7715000-7f4cc7816000 rw-p 00000000 00:00 0 
7f4cc7816000-7f4cc781a000 ---p 00000000 00:00 0 
7f4cc781a000-7f4cc7917000 rw-p 00000000 00:00 0 
7f4cc7917000-7f4cc791b000 ---p 00000000 00:00 0 
7f4cc791b000-7f4cc7a18000 rw-p 00000000 00:00 0 
7f4cc7a18000-7f4cc7a1c000 ---p 00000000 00:00 0 
7f4cc7a1c000-7f4cc7b19000 rw-p 00000000 00:00 0 
7f4cc7b19000-7f4cc7b1d000 ---p 00000000 00:00 0 
7f4cc7b1d000-7f4cc7c1a000 rw-p 00000000 00:00 0 
7f4cc7c1a000-7f4cc7c1e000 ---p 00000000 00:00 0 
7f4cc7c1e000-7f4cc7d1b000 rw-p 00000000 00:00 0 
7f4cc7d1b000-7f4cc8000000 r--p 00000000 08:03 1607708                    /usr/lib/locale/locale-archive
7f4cc8000000-7f4cc8290000 rw-p 00000000 00:00 0 
7f4cc8290000-7f4ccc000000 ---p 00000000 00:00 0 
7f4ccc000000-7f4ccc021000 rw-p 00000000 00:00 0 
7f4ccc021000-7f4cd0000000 ---p 00000000 00:00 0 
7f4cd0000000-7f4cd0021000 rw-p 00000000 00:00 0 
7f4cd0021000-7f4cd4000000 ---p 00000000 00:00 0 
7f4cd4000000-7f4cd4021000 rw-p 00000000 00:00 0 
7f4cd4021000-7f4cd8000000 ---p 00000000 00:00 0 
7f4cd8000000-7f4cd8021000 rw-p 00000000 00:00 0 
7f4cd8021000-7f4cdc000000 ---p 00000000 00:00 0 
7f4cdc000000-7f4cdc021000 rw-p 00000000 00:00 0 
7f4cdc021000-7f4ce0000000 ---p 00000000 00:00 0 
7f4ce0000000-7f4ce0021000 rw-p 00000000 00:00 0 
7f4ce0021000-7f4ce4000000 ---p 00000000 00:00 0 
7f4ce4077000-7f4ce40a8000 rw-p 00000000 00:00 0 
7f4ce40a8000-7f4ce40ac000 r--p 00000000 08:03 3022472                    /usr/lib/jvm/java-12-openjdk/lib/libnet.so
7f4ce40ac000-7f4ce40bb000 r-xp 00004000 08:03 3022472                    /usr/lib/jvm/java-12-openjdk/lib/libnet.so
7f4ce40bb000-7f4ce40bf000 r--p 00013000 08:03 3022472                    /usr/lib/jvm/java-12-openjdk/lib/libnet.so
7f4ce40bf000-7f4ce40c0000 r--p 00016000 08:03 3022472                    /usr/lib/jvm/java-12-openjdk/lib/libnet.so
7f4ce40c0000-7f4ce40c1000 rw-p 00017000 08:03 3022472                    /usr/lib/jvm/java-12-openjdk/lib/libnet.so
7f4ce40c1000-7f4ce40c5000 ---p 00000000 00:00 0 
7f4ce40c5000-7f4ce41c2000 rw-p 00000000 00:00 0 
7f4ce41c2000-7f4ce41c6000 ---p 00000000 00:00 0 
7f4ce41c6000-7f4ce42c3000 rw-p 00000000 00:00 0 
7f4ce42c3000-7f4ce42c7000 ---p 00000000 00:00 0 
7f4ce42c7000-7f4ce43c4000 rw-p 00000000 00:00 0 
7f4ce43c4000-7f4ce43c5000 ---p 00000000 00:00 0 
7f4ce43c5000-7f4ce4da2000 rw-p 00000000 00:00 0 
7f4ce4da2000-7f4ce4da3000 ---p 00000000 00:00 0 
7f4ce4da3000-7f4ce4ea4000 rw-p 00000000 00:00 0 
7f4ce4ea4000-7f4ce4ea5000 ---p 00000000 00:00 0 
7f4ce4ea5000-7f4ce73aa000 rw-p 00000000 00:00 0 
7f4ce73aa000-7f4ce73ab000 ---p 00000000 00:00 0 
7f4ce73ab000-7f4ce74ac000 rw-p 00000000 00:00 0 
7f4ce74ac000-7f4ce74ad000 ---p 00000000 00:00 0 
7f4ce74ad000-7f4ce75ae000 rw-p 00000000 00:00 0 
7f4ce75ae000-7f4ce75af000 ---p 00000000 00:00 0 
7f4ce75af000-7f4ce7ab0000 rw-p 00000000 00:00 0 
7f4ce7ab0000-7f4ce7eb0000 ---p 00000000 00:00 0 
7f4ce7eb0000-7f4ce82b0000 rw-p 00000000 00:00 0 
7f4ce82b0000-7f4ce86b0000 ---p 00000000 00:00 0 
7f4ce86b0000-7f4ce8730000 rw-p 00000000 00:00 0 
7f4ce8730000-7f4ce87b0000 ---p 00000000 00:00 0 
7f4ce87b0000-7f4ce8830000 rw-p 00000000 00:00 0 
7f4ce8830000-7f4ce88b0000 ---p 00000000 00:00 0 
7f4ce88b0000-7f4ce8b20000 rwxp 00000000 00:00 0 
7f4ce8b20000-7f4ce8e40000 ---p 00000000 00:00 0 
7f4ce8e40000-7f4ce99a0000 rwxp 00000000 00:00 0 
7f4ce99a0000-7f4cf0378000 ---p 00000000 00:00 0 
7f4cf0378000-7f4cf0648000 rwxp 00000000 00:00 0 
7f4cf0648000-7f4cf78b0000 ---p 00000000 00:00 0 
7f4cf78b0000-7f4d00000000 r--s 00000000 08:03 3022501                    /usr/lib/jvm/java-12-openjdk/lib/modules
7f4d00000000-7f4d014be000 rw-p 00000000 00:00 0 
7f4d014be000-7f4d04000000 ---p 00000000 00:00 0 
7f4d04003000-7f4d04004000 r--p 00000000 08:03 3021830                    /usr/lib/jvm/java-12-openjdk/lib/libextnet.so
7f4d04004000-7f4d04005000 r-xp 00001000 08:03 3021830                    /usr/lib/jvm/java-12-openjdk/lib/libextnet.so
7f4d04005000-7f4d04006000 r--p 00002000 08:03 3021830                    /usr/lib/jvm/java-12-openjdk/lib/libextnet.so
7f4d04006000-7f4d04007000 r--p 00002000 08:03 3021830                    /usr/lib/jvm/java-12-openjdk/lib/libextnet.so
7f4d04007000-7f4d04008000 rw-p 00003000 08:03 3021830                    /usr/lib/jvm/java-12-openjdk/lib/libextnet.so
7f4d04008000-7f4d0400a000 r--p 00000000 08:03 3022464                    /usr/lib/jvm/java-12-openjdk/lib/libmanagement_ext.so
7f4d0400a000-7f4d0400c000 r-xp 00002000 08:03 3022464                    /usr/lib/jvm/java-12-openjdk/lib/libmanagement_ext.so
7f4d0400c000-7f4d0400d000 r--p 00004000 08:03 3022464                    /usr/lib/jvm/java-12-openjdk/lib/libmanagement_ext.so
7f4d0400d000-7f4d0400e000 ---p 00005000 08:03 3022464                    /usr/lib/jvm/java-12-openjdk/lib/libmanagement_ext.so
7f4d0400e000-7f4d0400f000 r--p 00005000 08:03 3022464                    /usr/lib/jvm/java-12-openjdk/lib/libmanagement_ext.so
7f4d0400f000-7f4d04010000 rw-p 00006000 08:03 3022464                    /usr/lib/jvm/java-12-openjdk/lib/libmanagement_ext.so
7f4d04010000-7f4d04017000 r--p 00000000 08:03 3022478                    /usr/lib/jvm/java-12-openjdk/lib/libnio.so
7f4d04017000-7f4d0401e000 r-xp 00007000 08:03 3022478                    /usr/lib/jvm/java-12-openjdk/lib/libnio.so
7f4d0401e000-7f4d04022000 r--p 0000e000 08:03 3022478                    /usr/lib/jvm/java-12-openjdk/lib/libnio.so
7f4d04022000-7f4d04023000 r--p 00011000 08:03 3022478                    /usr/lib/jvm/java-12-openjdk/lib/libnio.so
7f4d04023000-7f4d04024000 rw-p 00012000 08:03 3022478                    /usr/lib/jvm/java-12-openjdk/lib/libnio.so
7f4d04024000-7f4d040f7000 rw-p 00000000 00:00 0 
7f4d040f7000-7f4d04177000 ---p 00000000 00:00 0 
7f4d04177000-7f4d04581000 rw-p 00000000 00:00 0 
7f4d04581000-7f4d04666000 ---p 00000000 00:00 0 
7f4d04666000-7f4d0467d000 rw-p 00000000 00:00 0 
7f4d0467d000-7f4d04751000 ---p 00000000 00:00 0 
7f4d04751000-7f4d04756000 rw-p 00000000 00:00 0 
7f4d04756000-7f4d0475d000 ---p 00000000 00:00 0 
7f4d0475d000-7f4d04760000 r--p 00000000 08:03 1576333                    /usr/lib/libnss_files-2.29.so
7f4d04760000-7f4d04767000 r-xp 00003000 08:03 1576333                    /usr/lib/libnss_files-2.29.so
7f4d04767000-7f4d04769000 r--p 0000a000 08:03 1576333                    /usr/lib/libnss_files-2.29.so
7f4d04769000-7f4d0476a000 r--p 0000b000 08:03 1576333                    /usr/lib/libnss_files-2.29.so
7f4d0476a000-7f4d0476b000 rw-p 0000c000 08:03 1576333                    /usr/lib/libnss_files-2.29.so
7f4d0476b000-7f4d04771000 rw-p 00000000 00:00 0 
7f4d04775000-7f4d04778000 r--p 00000000 08:03 3022456                    /usr/lib/jvm/java-12-openjdk/lib/libmanagement.so
7f4d04778000-7f4d04779000 r-xp 00003000 08:03 3022456                    /usr/lib/jvm/java-12-openjdk/lib/libmanagement.so
7f4d04779000-7f4d0477a000 r--p 00004000 08:03 3022456                    /usr/lib/jvm/java-12-openjdk/lib/libmanagement.so
7f4d0477a000-7f4d0477b000 r--p 00004000 08:03 3022456                    /usr/lib/jvm/java-12-openjdk/lib/libmanagement.so
7f4d0477b000-7f4d0477c000 rw-p 00005000 08:03 3022456                    /usr/lib/jvm/java-12-openjdk/lib/libmanagement.so
7f4d0477c000-7f4d0477e000 r--p 00000000 08:03 3022440                    /usr/lib/jvm/java-12-openjdk/lib/libjimage.so
7f4d0477e000-7f4d04781000 r-xp 00002000 08:03 3022440                    /usr/lib/jvm/java-12-openjdk/lib/libjimage.so
7f4d04781000-7f4d04782000 r--p 00005000 08:03 3022440                    /usr/lib/jvm/java-12-openjdk/lib/libjimage.so
7f4d04782000-7f4d04783000 ---p 00006000 08:03 3022440                    /usr/lib/jvm/java-12-openjdk/lib/libjimage.so
7f4d04783000-7f4d04784000 r--p 00006000 08:03 3022440                    /usr/lib/jvm/java-12-openjdk/lib/libjimage.so
7f4d04784000-7f4d04785000 rw-p 00007000 08:03 3022440                    /usr/lib/jvm/java-12-openjdk/lib/libjimage.so
7f4d04785000-7f4d04787000 r--p 00000000 08:03 3022500                    /usr/lib/jvm/java-12-openjdk/lib/libzip.so
7f4d04787000-7f4d0478b000 r-xp 00002000 08:03 3022500                    /usr/lib/jvm/java-12-openjdk/lib/libzip.so
7f4d0478b000-7f4d0478d000 r--p 00006000 08:03 3022500                    /usr/lib/jvm/java-12-openjdk/lib/libzip.so
7f4d0478d000-7f4d0478e000 r--p 00007000 08:03 3022500                    /usr/lib/jvm/java-12-openjdk/lib/libzip.so
7f4d0478e000-7f4d0478f000 rw-p 00008000 08:03 3022500                    /usr/lib/jvm/java-12-openjdk/lib/libzip.so
7f4d0478f000-7f4d0479d000 r--p 00000000 08:03 3022434                    /usr/lib/jvm/java-12-openjdk/lib/libjava.so
7f4d0479d000-7f4d047b1000 r-xp 0000e000 08:03 3022434                    /usr/lib/jvm/java-12-openjdk/lib/libjava.so
7f4d047b1000-7f4d047b7000 r--p 00022000 08:03 3022434                    /usr/lib/jvm/java-12-openjdk/lib/libjava.so
7f4d047b7000-7f4d047b8000 ---p 00028000 08:03 3022434                    /usr/lib/jvm/java-12-openjdk/lib/libjava.so
7f4d047b8000-7f4d047b9000 r--p 00028000 08:03 3022434                    /usr/lib/jvm/java-12-openjdk/lib/libjava.so
7f4d047b9000-7f4d047ba000 rw-p 00029000 08:03 3022434                    /usr/lib/jvm/java-12-openjdk/lib/libjava.so
7f4d047ba000-7f4d047bb000 rw-p 00000000 00:00 0 
7f4d047bb000-7f4d047bf000 ---p 00000000 00:00 0 
7f4d047bf000-7f4d048bc000 rw-p 00000000 00:00 0 
7f4d048bc000-7f4d048bf000 r--p 00000000 08:03 1577014                    /usr/lib/libgcc_s.so.1
7f4d048bf000-7f4d048d0000 r-xp 00003000 08:03 1577014                    /usr/lib/libgcc_s.so.1
7f4d048d0000-7f4d048d4000 r--p 00014000 08:03 1577014                    /usr/lib/libgcc_s.so.1
7f4d048d4000-7f4d048d5000 r--p 00017000 08:03 1577014                    /usr/lib/libgcc_s.so.1
7f4d048d5000-7f4d048d6000 rw-p 00018000 08:03 1577014                    /usr/lib/libgcc_s.so.1
7f4d048d6000-7f4d048e5000 r--p 00000000 08:03 1576296                    /usr/lib/libm-2.29.so
7f4d048e5000-7f4d04981000 r-xp 0000f000 08:03 1576296                    /usr/lib/libm-2.29.so
7f4d04981000-7f4d04a1a000 r--p 000ab000 08:03 1576296                    /usr/lib/libm-2.29.so
7f4d04a1a000-7f4d04a1b000 r--p 00143000 08:03 1576296                    /usr/lib/libm-2.29.so
7f4d04a1b000-7f4d04a1c000 rw-p 00144000 08:03 1576296                    /usr/lib/libm-2.29.so
7f4d04a1c000-7f4d04ab1000 r--p 00000000 08:03 1577045                    /usr/lib/libstdc++.so.6.0.26
7f4d04ab1000-7f4d04ba9000 r-xp 00095000 08:03 1577045                    /usr/lib/libstdc++.so.6.0.26
7f4d04ba9000-7f4d04bf2000 r--p 0018d000 08:03 1577045                    /usr/lib/libstdc++.so.6.0.26
7f4d04bf2000-7f4d04bf3000 ---p 001d6000 08:03 1577045                    /usr/lib/libstdc++.so.6.0.26
7f4d04bf3000-7f4d04c00000 r--p 001d6000 08:03 1577045                    /usr/lib/libstdc++.so.6.0.26
7f4d04c00000-7f4d04c01000 rw-p 001e3000 08:03 1577045                    /usr/lib/libstdc++.so.6.0.26
7f4d04c01000-7f4d04c04000 rw-p 00000000 00:00 0 
7f4d04c04000-7f4d04e89000 r--p 00000000 08:03 3157370                    /usr/lib/jvm/java-12-openjdk/lib/server/libjvm.so
7f4d04e89000-7f4d05bbe000 r-xp 00285000 08:03 3157370                    /usr/lib/jvm/java-12-openjdk/lib/server/libjvm.so
7f4d05bbe000-7f4d05e2c000 r--p 00fba000 08:03 3157370                    /usr/lib/jvm/java-12-openjdk/lib/server/libjvm.so
7f4d05e2c000-7f4d05ef1000 r--p 01227000 08:03 3157370                    /usr/lib/jvm/java-12-openjdk/lib/server/libjvm.so
7f4d05ef1000-7f4d05f2c000 rw-p 012ec000 08:03 3157370                    /usr/lib/jvm/java-12-openjdk/lib/server/libjvm.so
7f4d05f2c000-7f4d05fb0000 rw-p 00000000 00:00 0 
7f4d05fb0000-7f4d05fb7000 r--p 00000000 08:03 1576343                    /usr/lib/libpthread-2.29.so
7f4d05fb7000-7f4d05fc6000 r-xp 00007000 08:03 1576343                    /usr/lib/libpthread-2.29.so
7f4d05fc6000-7f4d05fcb000 r--p 00016000 08:03 1576343                    /usr/lib/libpthread-2.29.so
7f4d05fcb000-7f4d05fcc000 r--p 0001a000 08:03 1576343                    /usr/lib/libpthread-2.29.so
7f4d05fcc000-7f4d05fcd000 rw-p 0001b000 08:03 1576343                    /usr/lib/libpthread-2.29.so
7f4d05fcd000-7f4d05fd1000 rw-p 00000000 00:00 0 
7f4d05fd1000-7f4d05fd2000 r--p 00000000 08:03 1576288                    /usr/lib/libdl-2.29.so
7f4d05fd2000-7f4d05fd3000 r-xp 00001000 08:03 1576288                    /usr/lib/libdl-2.29.so
7f4d05fd3000-7f4d05fd4000 r--p 00002000 08:03 1576288                    /usr/lib/libdl-2.29.so
7f4d05fd4000-7f4d05fd5000 r--p 00002000 08:03 1576288                    /usr/lib/libdl-2.29.so
7f4d05fd5000-7f4d05fd6000 rw-p 00003000 08:03 1576288                    /usr/lib/libdl-2.29.so
7f4d05fd6000-7f4d05fec000 r-xp 00000000 08:03 1587144                    /usr/lib/libz.so.1.2.11
7f4d05fec000-7f4d061eb000 ---p 00016000 08:03 1587144                    /usr/lib/libz.so.1.2.11
7f4d061eb000-7f4d061ec000 r--p 00015000 08:03 1587144                    /usr/lib/libz.so.1.2.11
7f4d061ec000-7f4d061ed000 rw-p 00016000 08:03 1587144                    /usr/lib/libz.so.1.2.11
7f4d061ed000-7f4d06212000 r--p 00000000 08:03 1576258                    /usr/lib/libc-2.29.so
7f4d06212000-7f4d0635c000 r-xp 00025000 08:03 1576258                    /usr/lib/libc-2.29.so
7f4d0635c000-7f4d063a5000 r--p 0016f000 08:03 1576258                    /usr/lib/libc-2.29.so
7f4d063a5000-7f4d063a6000 ---p 001b8000 08:03 1576258                    /usr/lib/libc-2.29.so
7f4d063a6000-7f4d063a9000 r--p 001b8000 08:03 1576258                    /usr/lib/libc-2.29.so
7f4d063a9000-7f4d063ac000 rw-p 001bb000 08:03 1576258                    /usr/lib/libc-2.29.so
7f4d063ac000-7f4d063b0000 rw-p 00000000 00:00 0 
7f4d063b1000-7f4d063b2000 r--p 00000000 08:03 1606308                    /usr/share/locale/en_GB/LC_MESSAGES/libc.mo
7f4d063b2000-7f4d063ba000 rw-s 00000000 00:2d 65563                      /tmp/hsperfdata_andrew/2336
7f4d063ba000-7f4d063bb000 ---p 00000000 00:00 0 
7f4d063bb000-7f4d063bc000 r--p 00000000 00:00 0 
7f4d063bc000-7f4d063c1000 r--p 00000000 08:03 3022498                    /usr/lib/jvm/java-12-openjdk/lib/libverify.so
7f4d063c1000-7f4d063c8000 r-xp 00005000 08:03 3022498                    /usr/lib/jvm/java-12-openjdk/lib/libverify.so
7f4d063c8000-7f4d063ca000 r--p 0000c000 08:03 3022498                    /usr/lib/jvm/java-12-openjdk/lib/libverify.so
7f4d063ca000-7f4d063cb000 ---p 0000e000 08:03 3022498                    /usr/lib/jvm/java-12-openjdk/lib/libverify.so
7f4d063cb000-7f4d063cd000 r--p 0000e000 08:03 3022498                    /usr/lib/jvm/java-12-openjdk/lib/libverify.so
7f4d063cd000-7f4d063ce000 rw-p 00010000 08:03 3022498                    /usr/lib/jvm/java-12-openjdk/lib/libverify.so
7f4d063ce000-7f4d063d1000 r--p 00000000 08:03 3022445                    /usr/lib/jvm/java-12-openjdk/lib/libjli.so
7f4d063d1000-7f4d063db000 r-xp 00003000 08:03 3022445                    /usr/lib/jvm/java-12-openjdk/lib/libjli.so
7f4d063db000-7f4d063de000 r--p 0000d000 08:03 3022445                    /usr/lib/jvm/java-12-openjdk/lib/libjli.so
7f4d063de000-7f4d063df000 ---p 00010000 08:03 3022445                    /usr/lib/jvm/java-12-openjdk/lib/libjli.so
7f4d063df000-7f4d063e0000 r--p 00010000 08:03 3022445                    /usr/lib/jvm/java-12-openjdk/lib/libjli.so
7f4d063e0000-7f4d063e1000 rw-p 00011000 08:03 3022445                    /usr/lib/jvm/java-12-openjdk/lib/libjli.so
7f4d063e1000-7f4d063e3000 rw-p 00000000 00:00 0 
7f4d063e3000-7f4d063e5000 r--p 00000000 08:03 1576240                    /usr/lib/ld-2.29.so
7f4d063e5000-7f4d06404000 r-xp 00002000 08:03 1576240                    /usr/lib/ld-2.29.so
7f4d06404000-7f4d0640c000 r--p 00021000 08:03 1576240                    /usr/lib/ld-2.29.so
7f4d0640c000-7f4d0640d000 ---p 00000000 00:00 0 
7f4d0640d000-7f4d0640e000 r--p 00029000 08:03 1576240                    /usr/lib/ld-2.29.so
7f4d0640e000-7f4d0640f000 rw-p 0002a000 08:03 1576240                    /usr/lib/ld-2.29.so
7f4d0640f000-7f4d06410000 rw-p 00000000 00:00 0 
7ffd9b3aa000-7ffd9b3cb000 rw-p 00000000 00:00 0                          [stack]
7ffd9b3f1000-7ffd9b3f4000 r--p 00000000 00:00 0                          [vvar]
7ffd9b3f4000-7ffd9b3f5000 r-xp 00000000 00:00 0                          [vdso]
ffffffffff600000-ffffffffff601000 --xp 00000000 00:00 0                  [vsyscall]


VM Arguments:
jvm_args: --add-opens=java.base/java.util=ALL-UNNAMED --add-opens=java.base/java.lang=ALL-UNNAMED --add-opens=java.base/java.lang.invoke=ALL-UNNAMED --add-opens=java.prefs/java.util.prefs=ALL-UNNAMED -XX:MaxMetaspaceSize=256m -XX:+HeapDumpOnOutOfMemoryError -Xms256m -Xmx512m -Dfile.encoding=UTF-8 -Duser.country=GB -Duser.language=en -Duser.variant 
java_command: org.gradle.launcher.daemon.bootstrap.GradleDaemon 5.6.2
java_class_path (initial): /usr/share/java/gradle/lib/gradle-launcher-5.6.2.jar
Launcher Type: SUN_STANDARD

[Global flags]
     intx CICompilerCount                          = 3                                         {product} {ergonomic}
   size_t CompressedClassSpaceSize                 = 260046848                                 {product} {ergonomic}
     uint ConcGCThreads                            = 1                                         {product} {ergonomic}
     uint G1ConcRefinementThreads                  = 4                                         {product} {ergonomic}
   size_t G1HeapRegionSize                         = 1048576                                   {product} {ergonomic}
    uintx GCDrainStackTargetSize                   = 64                                        {product} {ergonomic}
     bool HeapDumpOnOutOfMemoryError               = true                                   {manageable} {command line}
   size_t InitialHeapSize                          = 268435456                                 {product} {command line}
   size_t MarkStackSize                            = 4194304                                   {product} {ergonomic}
   size_t MaxHeapSize                              = 536870912                                 {product} {command line}
   size_t MaxMetaspaceSize                         = 268435456                                 {product} {command line}
   size_t MaxNewSize                               = 321912832                                 {product} {ergonomic}
   size_t MinHeapDeltaBytes                        = 1048576                                   {product} {ergonomic}
    uintx NonNMethodCodeHeapSize                   = 5830732                                {pd product} {ergonomic}
    uintx NonProfiledCodeHeapSize                  = 122913754                              {pd product} {ergonomic}
    uintx ProfiledCodeHeapSize                     = 122913754                              {pd product} {ergonomic}
    uintx ReservedCodeCacheSize                    = 251658240                              {pd product} {ergonomic}
     bool SegmentedCodeCache                       = true                                      {product} {ergonomic}
     bool UseCompressedClassPointers               = true                                 {lp64_product} {ergonomic}
     bool UseCompressedOops                        = true                                 {lp64_product} {ergonomic}
     bool UseG1GC                                  = true                                      {product} {ergonomic}

Logging:
Log output configuration:
 #0: stdout all=warning uptime,level,tags
 #1: stderr all=off uptime,level,tags

Environment Variables:
JAVA_HOME=/usr/lib/jvm/java-12-openjdk
PATH=/usr/local/sbin:/usr/local/bin:/usr/bin:/usr/lib/jvm/default/bin:/usr/bin/site_perl:/usr/bin/vendor_perl:/usr/bin/core_perl:/usr/lib/jvm/default/bin:/usr/bin/site_perl:/usr/bin/vendor_perl:/usr/bin/core_perl:/home/andrew/Android/Sdk/tools:/home/andrew/Android/Sdk/platform_tools
LD_LIBRARY_PATH=/opt/oracle/instantclient_10_2
SHELL=/bin/bash
DISPLAY=:0

Signal Handlers:
SIGSEGV: [libjvm.so+0xf412b0], sa_mask[0]=11111111011111111101111111111110, sa_flags=SA_RESTART|SA_SIGINFO
SIGBUS: [libjvm.so+0xf412b0], sa_mask[0]=11111111011111111101111111111110, sa_flags=SA_RESTART|SA_SIGINFO
SIGFPE: [libjvm.so+0xf412b0], sa_mask[0]=11111111011111111101111111111110, sa_flags=SA_RESTART|SA_SIGINFO
SIGPIPE: [libjvm.so+0xbef930], sa_mask[0]=11111111011111111101111111111110, sa_flags=SA_RESTART|SA_SIGINFO
SIGXFSZ: [libjvm.so+0xbef930], sa_mask[0]=11111111011111111101111111111110, sa_flags=SA_RESTART|SA_SIGINFO
SIGILL: [libjvm.so+0xf412b0], sa_mask[0]=11111111011111111101111111111110, sa_flags=SA_RESTART|SA_SIGINFO
SIGUSR2: [libjvm.so+0xbef7c0], sa_mask[0]=00100000000000000000000000000000, sa_flags=SA_RESTART|SA_SIGINFO
SIGHUP: [libjvm.so+0xbefcb0], sa_mask[0]=11111111011111111101111111111110, sa_flags=SA_RESTART|SA_SIGINFO
SIGINT: [libjvm.so+0xbefcb0], sa_mask[0]=11111111011111111101111111111110, sa_flags=SA_RESTART|SA_SIGINFO
SIGTERM: [libjvm.so+0xbefcb0], sa_mask[0]=11111111011111111101111111111110, sa_flags=SA_RESTART|SA_SIGINFO
SIGQUIT: [libjvm.so+0xbefcb0], sa_mask[0]=11111111011111111101111111111110, sa_flags=SA_RESTART|SA_SIGINFO


---------------  S Y S T E M  ---------------

OS:NAME="Arch Linux"
PRETTY_NAME="Arch Linux"
ID=arch
BUILD_ID=rolling
ANSI_COLOR="0;36"
HOME_URL="https://www.archlinux.org/"
DOCUMENTATION_URL="https://wiki.archlinux.org/"
SUPPORT_URL="https://bbs.archlinux.org/"
BUG_REPORT_URL="https://bugs.archlinux.org/"
LOGO=archlinux
uname:Linux 5.3.0-arch1-1-ARCH #1 SMP PREEMPT Mon Sep 16 03:29:01 UTC 2019 x86_64
libc:glibc 2.29 NPTL 2.29 
rlimit: STACK 8192k, CORE infinity, NPROC 31254, NOFILE 524288, AS infinity, DATA infinity, FSIZE infinity
load average:0.62 0.80 0.56

/proc/meminfo:
MemTotal:        8015988 kB
MemFree:         4506964 kB
MemAvailable:    5430332 kB
Buffers:           99208 kB
Cached:          1230664 kB
SwapCached:            0 kB
Active:          2349072 kB
Inactive:         808104 kB
Active(anon):    1867276 kB
Inactive(anon):   172920 kB
Active(file):     481796 kB
Inactive(file):   635184 kB
Unevictable:      104672 kB
Mlocked:               0 kB
SwapTotal:       4194300 kB
SwapFree:        4194300 kB
Dirty:              3600 kB
Writeback:             0 kB
AnonPages:       1931872 kB
Mapped:           599692 kB
Shmem:            283384 kB
KReclaimable:      63888 kB
Slab:             117368 kB
SReclaimable:      63888 kB
SUnreclaim:        53480 kB
KernelStack:       11380 kB
PageTables:        22168 kB
NFS_Unstable:          0 kB
Bounce:                0 kB
WritebackTmp:          0 kB
CommitLimit:     8202292 kB
Committed_AS:    5603300 kB
VmallocTotal:   34359738367 kB
VmallocUsed:       29864 kB
VmallocChunk:          0 kB
Percpu:             2016 kB
HardwareCorrupted:     0 kB
AnonHugePages:         0 kB
ShmemHugePages:        0 kB
ShmemPmdMapped:        0 kB
HugePages_Total:       0
HugePages_Free:        0
HugePages_Rsvd:        0
HugePages_Surp:        0
Hugepagesize:       2048 kB
Hugetlb:               0 kB
DirectMap4k:      150024 kB
DirectMap2M:     6002688 kB
DirectMap1G:     3145728 kB


/proc/sys/kernel/threads-max (system-wide limit on the number of threads):
62508


/proc/sys/vm/max_map_count (maximum number of memory map areas a process may have):
65530


/proc/sys/kernel/pid_max (system-wide limit on number of process identifiers):
4194304



container (cgroup) information:
container_type: cgroupv1
cpu_cpuset_cpus: 0-3
cpu_memory_nodes: 0
active_processor_count: 4
cpu_quota: -1
cpu_period: 100000
cpu_shares: -1
memory_limit_in_bytes: -1
memory_and_swap_limit_in_bytes: -1
memory_soft_limit_in_bytes: -1
memory_usage_in_bytes: 2989547520
memory_max_usage_in_bytes: 2989658112


CPU:total 4 (initial active 4) (2 cores per cpu, 2 threads per core) family 6 model 78 stepping 3, cmov, cx8, fxsr, mmx, sse, sse2, sse3, ssse3, sse4.1, sse4.2, popcnt, avx, avx2, aes, clmul, erms, 3dnowpref, lzcnt, ht, tsc, tscinvbit, bmi1, bmi2, adx, fma
CPU Model and flags from /proc/cpuinfo:
model name	: Intel(R) Core(TM) i7-6500U CPU @ 2.50GHz
flags		: fpu vme de pse tsc msr pae mce cx8 apic sep mtrr pge mca cmov pat pse36 clflush dts acpi mmx fxsr sse sse2 ss ht tm pbe syscall nx pdpe1gb rdtscp lm constant_tsc art arch_perfmon pebs bts rep_good nopl xtopology nonstop_tsc cpuid aperfmperf pni pclmulqdq dtes64 monitor ds_cpl vmx est tm2 ssse3 sdbg fma cx16 xtpr pdcm pcid sse4_1 sse4_2 x2apic movbe popcnt tsc_deadline_timer aes xsave avx f16c rdrand lahf_lm abm 3dnowprefetch cpuid_fault epb invpcid_single pti ssbd ibrs ibpb stibp tpr_shadow vnmi flexpriority ept vpid ept_ad fsgsbase tsc_adjust bmi1 avx2 smep bmi2 erms invpcid mpx rdseed adx smap clflushopt intel_pt xsaveopt xsavec xgetbv1 xsaves dtherm ida arat pln pts hwp hwp_notify hwp_act_window hwp_epp flush_l1d

Memory: 4k page, physical 8015988k(4506964k free), swap 4194300k(4194300k free)

vm_info: OpenJDK 64-Bit Server VM (12.0.2+10) for linux-amd64 JRE (12.0.2+10), built on Jul 24 2019 22:39:03 by "builduser" with gcc 9.1.0

END.
